Game #1
BDC BDCF BDCI BDCM BDCO BDI BDIC BDIE BDIK BDIM 
UTKR UTP UTPE UTPM UTPO UTR UTRE UTRG UTRK UTRN 
Game #2
AB AK 
YT YX 
Game #3
AB ABC ABK ABL ABM 
XWJ XWQ XWR XWS XWV 
Game #4
A 
A 
Game #5
E EI 
MI MK 
Game #6
E EI EK 
ME MI MK 
Game #7
AE AEI AEIG AEII AEIJ AEIK AEIN AEIO AEIT AEIY 
ZUOB ZUON ZUOV ZUV ZUVB ZUVK ZUVM ZUVO ZUVR ZUVY 
Game #8
A AA AAA 
ZZ ZZA ZZZ 
Game #9
A AC ACD ACDK ACDM ACDR ACDU ACDV ACI ACID 
ZVV ZVVB ZVVC ZVVD ZVVI ZVVK ZVVR ZVVT ZVVU ZVVV 
Game #10
C CC CCD CCDC CCDCH CCDCU CCDG CCDGC CCDGH CCDGR 
XVIHC XVIHG XVIHM XVIHR XVIHU XVIHV XVIM XVIMC XVIMH XVIMV 
Game #11
C CI CIE CIEF CIEFD CIEFDI CIEFDIO CIEFDIP CIEFDIT CIEFDIW 
ZTYWQNC ZTYWQNI ZTYWQNS ZTYWQNZ ZTYWQO ZTYWQOE ZTYWQOF ZTYWQOI ZTYWQOM ZTYWQOT 
