CHART 1
i = 0
CHART 2
longvariable = 0
CHART 3
i = 1
CHART 4
i = 1
CHART 5
i = 3
CHART 6
i = 4
CHART 7
i = 0
CHART 8
i = 0
j = 1
CHART 9
i = 0
j = 1
CHART 10
i = 3
CHART 11
i = 3
CHART 12
i = 1
CHART 13
i = 3
j = 0
CHART 14
i = 3
CHART 15
i = 10
j = 1024
CHART 16
i = 0
CHART 17
i = 100000
CHART 18
e = 7
ee = 77
eee = 777
eef = 774
eeg = 778
eeh = 773
eei = 775
een = 779
eeo = 771
ees = 776
eet = 772
eez = 770
ef = 74
efe = 747
eff = 744
efg = 748
efh = 743
efi = 745
efn = 749
efo = 741
efs = 746
eft = 742
efz = 740
eg = 78
ege = 787
egf = 784
egg = 788
egh = 783
egi = 785
egn = 789
ego = 781
egs = 786
egt = 782
egz = 780
eh = 73
ehe = 737
ehf = 734
ehg = 738
ehh = 733
ehi = 735
ehn = 739
eho = 731
ehs = 736
eht = 732
ehz = 730
ei = 75
eie = 757
eif = 754
eig = 758
eih = 753
eii = 755
ein = 759
eio = 751
eis = 756
eit = 752
eiz = 750
en = 79
ene = 797
enf = 794
eng = 798
enh = 793
eni = 795
enn = 799
eno = 791
ens = 796
ent = 792
enz = 790
eo = 71
eoe = 717
eof = 714
eog = 718
eoh = 713
eoi = 715
eon = 719
eoo = 711
eos = 716
eot = 712
eoz = 710
es = 76
ese = 767
esf = 764
esg = 768
esh = 763
esi = 765
esn = 769
eso = 761
ess = 766
est = 762
esz = 760
et = 72
ete = 727
etf = 724
etg = 728
eth = 723
eti = 725
etn = 729
eto = 721
ets = 726
ett = 722
etz = 720
ez = 70
eze = 707
ezf = 704
ezg = 708
ezh = 703
ezi = 705
ezn = 709
ezo = 701
ezs = 706
ezt = 702
ezz = 700
f = 4
fe = 47
fee = 477
fef = 474
feg = 478
feh = 473
fei = 475
fen = 479
feo = 471
fes = 476
fet = 472
fez = 470
ff = 44
ffe = 447
fff = 444
ffg = 448
ffh = 443
ffi = 445
ffn = 449
ffo = 441
ffs = 446
fft = 442
ffz = 440
fg = 48
fge = 487
fgf = 484
fgg = 488
fgh = 483
fgi = 485
fgn = 489
fgo = 481
fgs = 486
fgt = 482
fgz = 480
fh = 43
fhe = 437
fhf = 434
fhg = 438
fhh = 433
fhi = 435
fhn = 439
fho = 431
fhs = 436
fht = 432
fhz = 430
fi = 45
fie = 457
fif = 454
fig = 458
fih = 453
fii = 455
fin = 459
fio = 451
fis = 456
fit = 452
fiz = 450
fn = 49
fne = 497
fnf = 494
fng = 498
fnh = 493
fni = 495
fnn = 499
fno = 491
fns = 496
fnt = 492
fnz = 490
fo = 41
foe = 417
fof = 414
fog = 418
foh = 413
foi = 415
fon = 419
foo = 411
fos = 416
fot = 412
foz = 410
fs = 46
fse = 467
fsf = 464
fsg = 468
fsh = 463
fsi = 465
fsn = 469
fso = 461
fss = 466
fst = 462
fsz = 460
ft = 42
fte = 427
ftf = 424
ftg = 428
fth = 423
fti = 425
ftn = 429
fto = 421
fts = 426
ftt = 422
ftz = 420
fz = 40
fze = 407
fzf = 404
fzg = 408
fzh = 403
fzi = 405
fzn = 409
fzo = 401
fzs = 406
fzt = 402
fzz = 400
g = 8
ge = 87
gee = 877
gef = 874
geg = 878
geh = 873
gei = 875
gen = 879
geo = 871
ges = 876
get = 872
gez = 870
gf = 84
gfe = 847
gff = 844
gfg = 848
gfh = 843
gfi = 845
gfn = 849
gfo = 841
gfs = 846
gft = 842
gfz = 840
gg = 88
gge = 887
ggf = 884
ggg = 888
ggh = 883
ggi = 885
ggn = 889
ggo = 881
ggs = 886
ggt = 882
ggz = 880
gh = 83
ghe = 837
ghf = 834
ghg = 838
ghh = 833
ghi = 835
ghn = 839
gho = 831
ghs = 836
ght = 832
ghz = 830
gi = 85
gie = 857
gif = 854
gig = 858
gih = 853
gii = 855
gin = 859
gio = 851
gis = 856
git = 852
giz = 850
gn = 89
gne = 897
gnf = 894
gng = 898
gnh = 893
gni = 895
gnn = 899
gno = 891
gns = 896
gnt = 892
gnz = 890
go = 81
goe = 817
gof = 814
gog = 818
goh = 813
goi = 815
gon = 819
goo = 811
gos = 816
got = 812
goz = 810
gs = 86
gse = 867
gsf = 864
gsg = 868
gsh = 863
gsi = 865
gsn = 869
gso = 861
gss = 866
gst = 862
gsz = 860
gt = 82
gte = 827
gtf = 824
gtg = 828
gth = 823
gti = 825
gtn = 829
gto = 821
gts = 826
gtt = 822
gtz = 820
gz = 80
gze = 807
gzf = 804
gzg = 808
gzh = 803
gzi = 805
gzn = 809
gzo = 801
gzs = 806
gzt = 802
gzz = 800
h = 3
he = 37
hee = 377
hef = 374
heg = 378
heh = 373
hei = 375
hen = 379
heo = 371
hes = 376
het = 372
hez = 370
hf = 34
hfe = 347
hff = 344
hfg = 348
hfh = 343
hfi = 345
hfn = 349
hfo = 341
hfs = 346
hft = 342
hfz = 340
hg = 38
hge = 387
hgf = 384
hgg = 388
hgh = 383
hgi = 385
hgn = 389
hgo = 381
hgs = 386
hgt = 382
hgz = 380
hh = 33
hhe = 337
hhf = 334
hhg = 338
hhh = 333
hhi = 335
hhn = 339
hho = 331
hhs = 336
hht = 332
hhz = 330
hi = 35
hie = 357
hif = 354
hig = 358
hih = 353
hii = 355
hin = 359
hio = 351
his = 356
hit = 352
hiz = 350
hn = 39
hne = 397
hnf = 394
hng = 398
hnh = 393
hni = 395
hnn = 399
hno = 391
hns = 396
hnt = 392
hnz = 390
ho = 31
hoe = 317
hof = 314
hog = 318
hoh = 313
hoi = 315
hon = 319
hoo = 311
hos = 316
hot = 312
hoz = 310
hs = 36
hse = 367
hsf = 364
hsg = 368
hsh = 363
hsi = 365
hsn = 369
hso = 361
hss = 366
hst = 362
hsz = 360
ht = 32
hte = 327
htf = 324
htg = 328
hth = 323
hti = 325
htn = 329
hto = 321
hts = 326
htt = 322
htz = 320
hz = 30
hze = 307
hzf = 304
hzg = 308
hzh = 303
hzi = 305
hzn = 309
hzo = 301
hzs = 306
hzt = 302
hzz = 300
i = 5
ie = 57
iee = 577
ief = 574
ieg = 578
ieh = 573
iei = 575
ien = 579
ieo = 571
ies = 576
iet = 572
iez = 570
if = 54
ife = 547
iff = 544
ifg = 548
ifh = 543
ifi = 545
ifn = 549
ifo = 541
ifs = 546
ift = 542
ifz = 540
ig = 58
ige = 587
igf = 584
igg = 588
igh = 583
igi = 585
ign = 589
igo = 581
igs = 586
igt = 582
igz = 580
ih = 53
ihe = 537
ihf = 534
ihg = 538
ihh = 533
ihi = 535
ihn = 539
iho = 531
ihs = 536
iht = 532
ihz = 530
ii = 55
iie = 557
iif = 554
iig = 558
iih = 553
iii = 555
iin = 559
iio = 551
iis = 556
iit = 552
iiz = 550
in = 59
ine = 597
inf = 594
ing = 598
inh = 593
ini = 595
inn = 599
ino = 591
ins = 596
int = 592
inz = 590
io = 51
ioe = 517
iof = 514
iog = 518
ioh = 513
ioi = 515
ion = 519
ioo = 511
ios = 516
iot = 512
ioz = 510
is = 56
ise = 567
isf = 564
isg = 568
ish = 563
isi = 565
isn = 569
iso = 561
iss = 566
ist = 562
isz = 560
it = 52
ite = 527
itf = 524
itg = 528
ith = 523
iti = 525
itn = 529
ito = 521
its = 526
itt = 522
itz = 520
iz = 50
ize = 507
izf = 504
izg = 508
izh = 503
izi = 505
izn = 509
izo = 501
izs = 506
izt = 502
izz = 500
n = 9
ne = 97
nee = 977
nef = 974
neg = 978
neh = 973
nei = 975
nen = 979
neo = 971
nes = 976
net = 972
nez = 970
nf = 94
nfe = 947
nff = 944
nfg = 948
nfh = 943
nfi = 945
nfn = 949
nfo = 941
nfs = 946
nft = 942
nfz = 940
ng = 98
nge = 987
ngf = 984
ngg = 988
ngh = 983
ngi = 985
ngn = 989
ngo = 981
ngs = 986
ngt = 982
ngz = 980
nh = 93
nhe = 937
nhf = 934
nhg = 938
nhh = 933
nhi = 935
nhn = 939
nho = 931
nhs = 936
nht = 932
nhz = 930
ni = 95
nie = 957
nif = 954
nig = 958
nih = 953
nii = 955
nin = 959
nio = 951
nis = 956
nit = 952
niz = 950
nn = 99
nne = 997
nnf = 994
nng = 998
nnh = 993
nni = 995
nnn = 999
nno = 991
nns = 996
nnt = 992
nnz = 990
no = 91
noe = 917
nof = 914
nog = 918
noh = 913
noi = 915
non = 919
noo = 911
nos = 916
not = 912
noz = 910
ns = 96
nse = 967
nsf = 964
nsg = 968
nsh = 963
nsi = 965
nsn = 969
nso = 961
nss = 966
nst = 962
nsz = 960
nt = 92
nte = 927
ntf = 924
ntg = 928
nth = 923
nti = 925
ntn = 929
nto = 921
nts = 926
ntt = 922
ntz = 920
nz = 90
nze = 907
nzf = 904
nzg = 908
nzh = 903
nzi = 905
nzn = 909
nzo = 901
nzs = 906
nzt = 902
nzz = 900
o = 1
oe = 17
oee = 177
oef = 174
oeg = 178
oeh = 173
oei = 175
oen = 179
oeo = 171
oes = 176
oet = 172
oez = 170
of = 14
ofe = 147
off = 144
ofg = 148
ofh = 143
ofi = 145
ofn = 149
ofo = 141
ofs = 146
oft = 142
ofz = 140
og = 18
oge = 187
ogf = 184
ogg = 188
ogh = 183
ogi = 185
ogn = 189
ogo = 181
ogs = 186
ogt = 182
ogz = 180
oh = 13
ohe = 137
ohf = 134
ohg = 138
ohh = 133
ohi = 135
ohn = 139
oho = 131
ohs = 136
oht = 132
ohz = 130
oi = 15
oie = 157
oif = 154
oig = 158
oih = 153
oii = 155
oin = 159
oio = 151
ois = 156
oit = 152
oiz = 150
on = 19
one = 197
onf = 194
ong = 198
onh = 193
oni = 195
onn = 199
ono = 191
ons = 196
ont = 192
onz = 190
oo = 11
ooe = 117
oof = 114
oog = 118
ooh = 113
ooi = 115
oon = 119
ooo = 111
oos = 116
oot = 112
ooz = 110
os = 16
ose = 167
osf = 164
osg = 168
osh = 163
osi = 165
osn = 169
oso = 161
oss = 166
ost = 162
osz = 160
ot = 12
ote = 127
otf = 124
otg = 128
oth = 123
oti = 125
otn = 129
oto = 121
ots = 126
ott = 122
otz = 120
oz = 10
oze = 107
ozf = 104
ozg = 108
ozh = 103
ozi = 105
ozn = 109
ozo = 101
ozs = 106
ozt = 102
ozz = 100
s = 6
se = 67
see = 677
sef = 674
seg = 678
seh = 673
sei = 675
sen = 679
seo = 671
ses = 676
set = 672
sez = 670
sf = 64
sfe = 647
sff = 644
sfg = 648
sfh = 643
sfi = 645
sfn = 649
sfo = 641
sfs = 646
sft = 642
sfz = 640
sg = 68
sge = 687
sgf = 684
sgg = 688
sgh = 683
sgi = 685
sgn = 689
sgo = 681
sgs = 686
sgt = 682
sgz = 680
sh = 63
she = 637
shf = 634
shg = 638
shh = 633
shi = 635
shn = 639
sho = 631
shs = 636
sht = 632
shz = 630
si = 65
sie = 657
sif = 654
sig = 658
sih = 653
sii = 655
sin = 659
sio = 651
sis = 656
sit = 652
siz = 650
sn = 69
sne = 697
snf = 694
sng = 698
snh = 693
sni = 695
snn = 699
sno = 691
sns = 696
snt = 692
snz = 690
so = 61
soe = 617
sof = 614
sog = 618
soh = 613
soi = 615
son = 619
soo = 611
sos = 616
sot = 612
soz = 610
ss = 66
sse = 667
ssf = 664
ssg = 668
ssh = 663
ssi = 665
ssn = 669
sso = 661
sss = 666
sst = 662
ssz = 660
st = 62
ste = 627
stf = 624
stg = 628
sth = 623
sti = 625
stn = 629
sto = 621
sts = 626
stt = 622
stz = 620
sz = 60
sze = 607
szf = 604
szg = 608
szh = 603
szi = 605
szn = 609
szo = 601
szs = 606
szt = 602
szz = 600
t = 2
te = 27
tee = 277
tef = 274
teg = 278
teh = 273
tei = 275
ten = 279
teo = 271
tes = 276
tet = 272
tez = 270
tf = 24
tfe = 247
tff = 244
tfg = 248
tfh = 243
tfi = 245
tfn = 249
tfo = 241
tfs = 246
tft = 242
tfz = 240
tg = 28
tge = 287
tgf = 284
tgg = 288
tgh = 283
tgi = 285
tgn = 289
tgo = 281
tgs = 286
tgt = 282
tgz = 280
th = 23
the = 237
thf = 234
thg = 238
thh = 233
thi = 235
thn = 239
tho = 231
ths = 236
tht = 232
thz = 230
ti = 25
tie = 257
tif = 254
tig = 258
tih = 253
tii = 255
tin = 259
tio = 251
tis = 256
tit = 252
tiz = 250
tn = 29
tne = 297
tnf = 294
tng = 298
tnh = 293
tni = 295
tnn = 299
tno = 291
tns = 296
tnt = 292
tnz = 290
to = 21
toe = 217
tof = 214
tog = 218
toh = 213
toi = 215
ton = 219
too = 211
tos = 216
tot = 212
toz = 210
ts = 26
tse = 267
tsf = 264
tsg = 268
tsh = 263
tsi = 265
tsn = 269
tso = 261
tss = 266
tst = 262
tsz = 260
tt = 22
tte = 227
ttf = 224
ttg = 228
tth = 223
tti = 225
ttn = 229
tto = 221
tts = 226
ttt = 222
ttz = 220
tz = 20
tze = 207
tzf = 204
tzg = 208
tzh = 203
tzi = 205
tzn = 209
tzo = 201
tzs = 206
tzt = 202
tzz = 200
