2338176563
738803971
155630676
3911973353
3415541099
2434084623
3809057364
1629623165
574525875
289577718
626317927
427397382
1536514116
1256413671
2614374585
4004961686
1959104559
293064271
1044812853
341036035
3831620208
2324472729
52259380
3623352201
918822916
2312495543
3957390740
3126177876
2811431116
3327882491
589413731
3953188836
1800510578
2150545184
3187934790
13344571
3315258518
1890871713
1635374430
3569618964
1104605880
3475692249
1331936
2395649863
3010017430
954044075
742724319
1955962842
964884641
3674794207
3016316278
2247945254
2486389343
1364169129
4033333143
2832034526
2599761823
3861647292
1708695362
1126599594
738397005
3768597975
4163615451
2199454908
3106135650
3634036075
90163173
2372301019
3261617064
643879361
3680857407
232720912
1023564429
1218649844
1179636805
816207226
890924942
2338570155
2364380989
4209124092
2175930577
1717637268
1763722779
2546154279
491523494
1987313113
3652600082
539698116
3227289031
1603815738
188645955
10325726
1564837957
1479066958
2429920662
739234830
565401991
1295870672
2399250426
1306492153
430418138
1216584003
1363967578
2105695681
2821903864
110039159
1238969341
2257672330
2020420571
131884660
3160248506
2507363178
3463933280
2890263159
4238228133
1255290375
2179178208
2116319009
1661644170
326311408
1161934305
1730709379
2791815750
1048344634
1307721304
1233833805
2175304207
2410339019
1923446679
2357743521
1488409395
1007110905
3849092009
832258316
2337150191
3054152821
1191541063
1726881142
378941710
2568604410
2017223995
4068253569
2142919629
194295578
3681503527
470755549
1949861860
3266987232
2732133336
477003903
551099116
3041336423
1499916764
1677769286
4017596025
2485644554
458754397
4082166733
4010480123
1088551507
2900666291
94911301
2401703246
609326969
2189395445
1457553874
1007407302
468806871
1793310599
1976670531
2097631626
822012432
160369745
1679873228
1239191424
2978037106
1092084539
2979943188
2234807119
1617774236
1800401269
4272344198
1897214553
2906956037
2407414000
1313412774
2875899240
143558777
3423447615
1963069141
810798325
2825085302
2013620773
2944938940
2660956853
3489701224
207573643
2508067240
1585790043
1545067229
3596049160
2441441685
2724440395
2376424532
492852207
1954124232
2117728878
3435622653
3014990951
245714523
1767902247
1702558049
1251940491
4175224237
1596842075
677000937
4162150331
1984382141
3351152167
3724127997
2022557072
1569964096
2617456599
2609182942
2138652660
3610478940
2605117057
961800221
2633051789
3092302595
4135956435
2560232202
2381025131
4261032609
987183702
56496463
3591372132
3849480838
96151388
2673647281
3927691358
943733930
2352201083
302815492
2444016654
1596430593
3728701785
469914415
3065447268
3408412048
2579292351
2596901970
270986682
3212836679
1807300610
3335406845
2131449018
3614391638
1273165590
3972932228
317876016
3458258754
2433934750
3684427331
4185674743
1596337515
3415923827
3061832776
950790449
2994594610
3202101275
3170983059
3170056463
356344024
2353497529
3207326852
2271008396
3327825863
1092099123
979317869
4098005028
2934066427
3620835948
1538849028
3361750382
3946434491
1098827471
3516858091
901283708
2298747467
353020080
2313726331
557105812
411887777
303492593
3388780462
2972574634
1716561631
1364661531
679472965
3425910342
4050929271
2389934808
3641180570
3893896104
4196665206
916206286
782563153
3916857255
1815596880
3040328937
3784896215
542177365
3924128049
3633042948
2033853875
2601101350
4008514732
2127183829
1822458694
4183389076
1948273686
2237320475
847961473
1019317417
4160852425
645677523
2395957402
2705225411
3868583307
3213818989
1879747042
1826519792
2452321778
1008490296
1613099486
2016449655
4349042
885171938
4082266322
2276214893
2902677904
934422400
1104823186
2754635047
1445975737
3624578808
3119377095
1123521988
2856073405
1440565619
3848603107
3027520614
2990122764
1213988869
608207352
847425044
237070141
264057056
668974986
135160620
890096619
817830194
1730799082
511373051
955327966
2424581776
1325445609
3128082910
1654508546
2311047920
3815739144
1256320122
2689641057
902770567
1811084584
3595882710
2586331163
2069712630
2700113807
3872132944
3990907925
1015432259
167453909
3648315642
1785288387
1496466125
855202512
3062276644
1677135474
246485751
2472826855
3537552405
417608233
2725990238
527101836
1325610649
103813615
558272973
4203067710
884355395
517842979
1604628966
3814794225
194274447
2408311559
1437635773
1895956734
1187521111
510899382
1026114192
475658440
1125981454
1326904803
2072864337
248268091
311937835
3750952176
1371291789
3908442217
1522447280
2395573218
3134332015
2137357016
2844204873
2221193911
315953391
742252258
653044999
3957516356
1900750081
3440768031
3656447796
2605608840
1841626071
3288485412
3837975452
795309318
3660504750
912877519
3324007692
994384873
1146757382
4080825703
3165553708
463087156
94654653
301632445
3479761967
4195329352
2841637516
898684821
240249244
793869249
3697985121
1352061872
3444394422
1030478278
3859920508
1165743702
3523744625
4195245104
66891431
1647203372
2973323928
3127300195
1324086548
1736344049
3213553260
4072808986
2225988295
3064880392
1738645660
1916566119
74567307
3119950524
3373594847
2653007373
1836405858
2187845089
2792137731
1650788143
563503623
2221886631
3122370667
4236304907
537815564
3659519380
1151903066
1625552892
696587636
1305309682
2195870976
1909830272
680200854
3655223353
948166610
3084201977
2374871108
4225066573
2706655459
1543701663
143083176
421192615
2814236163
898328559
414630805
3048981625
2992957922
566924970
4196969526
354179099
4264051038
323931267
243823800
183467507
2112232805
2124945333
1261834404
2762562913
3272592241
1674136101
2427132496
2227957106
873989108
422928440
3857260675
1184275520
269619419
1819482696
264712547
3459441525
1144395457
262528419
661040280
1625747715
476144502
1285422494
2802305564
2269042976
3249369716
2783311086
2035835739
471121141
1443863505
3267136380
3638091763
991586415
1154841523
763538322
1541192758
1704281453
1946128204
1460466946
1300476946
3831897625
761799441
1126468110
4206915079
2377204055
1255837411
851856746
1455306063
309879383
783669258
2627781
2408923241
1383900273
3776399336
616776371
911145437
2287778592
222570316
85845693
3923931181
208992759
2932048440
3590204346
566810981
605148043
406655669
2059203076
3547639300
724820890
3686662868
2773810658
3785826351
3030867622
1457242569
2435326962
2867395465
239579750
1573020590
302201273
2100955180
1536041162
3268522148
2915969381
1694224208
1410049525
1213487808
1477633505
2630981621
4141810372
3669625916
883015486
1173660673
2675759728
1695811927
2563247116
1184700597
2654049491
2276382146
1767235188
341249513
4273476951
3431145113
33421431
3517576086
3596877811
2967349770
346316056
3108152592
279737141
3297377926
633478556
2259921969
936462258
3354631257
232839470
1140224777
1682198122
1889299066
1389701466
465769352
2357081600
2182242933
665171215
2133664153
3596987284
1208717479
2575051910
4069242665
2147279550
2674603972
2261082270
4080553199
332024452
3425355452
2944920442
2080567265
740503744
1998953355
4163643503
417794073
4125438423
864207965
2534165767
2937265094
1235853856
3470836015
3132558333
61787415
2336896951
4038398472
2356919193
1694270205
139671559
615461353
1757246186
2505710976
1709590250
1509058276
3546091552
1800691993
4029307328
3296393835
1522177045
1723196395
1034744793
2353028878
3812512018
477385515
2538085516
352656539
1756029539
1250892557
670760890
3605023347
3576563749
1247328183
450244691
122477368
1028159651
4242523064
1400999999
2831504270
1054722123
2826612111
2868564607
3571590037
4242488536
417359949
440866502
3672271293
1734477307
2502463695
148771754
23794179
1087496825
3081561717
782864729
1377107241
3075148849
3580033828
956624345
1628248281
3000677265
377413712
3397016843
825429588
1618096006
2462958925
1025567712
2930329895
2524016910
301620719
1225717939
76196254
2543167873
2709779624
493050278
544038254
3934879795
301203007
1326138982
3685197492
401139804
2042763647
3934780252
2115476048
544482708
1208024714
2621484857
1727689790
266989949
239831830
2653377967
1029831616
2793398548
2097574996
1617711929
2170497393
3191504864
2094064239
923514752
3152988215
3821677611
2214618668
1978831313
3682421745
3234896500
2118218835
1834741807
2041784259
1707427989
1887200227
1760989054
2051758635
507061682
863537268
3396109878
2568761455
3945397748
2225890292
2417500081
2987450702
3370964266
813795889
2200705789
3853951612
1366596756
1773178168
3081157495
1937757041
1268431013
1190931912
2502213643
270583041
3176084904
196016499
3057347181
2868932299
3792952822
1203840424
4240400109
4097582618
4287461012
3979113833
1397273215
770822991
4176761358
541488497
4119513527
2024886416
3872709970
1181078742
262177642
1245250104
1258035763
981212690
1316066701
3444728474
1828617900
2151632396
1613118387
923226769
4020887810
3373013457
4072938583
1792421283
2408075951
676460446
2535255964
1093992353
3106088744
1072532574
1265360394
1641411934
2352975108
2564281662
1952156635
2548878506
2426716150
3500210615
884670935
2184624461
3261146688
4290701307
79141114
2861595610
352649369
2511710583
1195329531
3015306475
3447113727
147503037
2487948142
3637437137
25831731
4016200222
2616073303
3897525054
3506943780
2123210685
685072944
2500691398
2093495251
3361019615
2820872128
1968507588
2154743112
1047528220
3396127051
1138613487
847546952
2197126703
3281910669
680141096
1767559294
2629050904
1925667821
1316248536
1521312224
825365265
1712274450
2293830368
994473645
3961925364
1682440841
3901228237
2202292474
169658372
3295511107
561772180
3561925067
523415143
3646620779
2621744221
2661912871
338811781
1770739358
765784466
3010598220
2435070622
589114204
3730237587
4263919745
3568484555
1431137091
3107167759
3767964152
3914318947
1416815507
548583619
949490676
1932289056
1362308919
3657927251
3546691424
790005372
1547033140
1686975957
3250669016
3543626543
2296782701
1464181358
3611089457
4246352858
2882586742
3976312987
3557750825
2403315593
1791564792
4232832613
3271549830
4214961860
2056317148
2997445769
3263332144
1435462827
951897330
200423964
34708516
3422746875
1648955979
1755599344
1536775654
3870958140
2243074637
2953815789
2261893747
793577375
732029570
1393049139
2704543956
2750545554
260853150
3418625647
1523473116
862192320
1660008561
3087672378
2838781321
814631924
3575902675
3271502284
2715562845
2309743294
941075674
4070980498
3960561541
2814680466
3815028399
2837600774
2844303814
132331717
3130486012
581486506
1901814254
619412421
2596383592
2088664708
3221567681
563952482
1988532645
3298129108
3981016088
1981838723
4011301391
627783655
4216894835
2620414107
4235341619
1619456580
2363545657
725856994
345065947
968997177
3930114469
3985488237
852373961
2502233853
661736540
996207127
3524874521
223883892
135418465
2048180221
2694209740
2381213948
925980457
1720419565
3151532035
2016458544
3194987774
444057029
822979022
1195503764
1125982457
2729569609
605557120
3721856916
875006842
700877117
2725619748
1096875802
248012101
337791649
3442535971
384738050
1272115377
968602603
2516207551
