Case 0:
01
2_
Case 1:
012
3__
4__
Case 2:
012
3__
4_#
Case 3:
#01
2__
3__
Case 4:
0123
4___
5___
6___
Case 5:
0123
4___
5__#
6_##
Case 6:
##01
#2__
3___
4___
Case 7:
01#23
4_#5_
#67_#
8___9
A_#B_
Case 8:
0123##4567
8___#9____
A___B_____
C#D_____#E
FG#H___#I_
J_K#L_#M__
N__O##P___
Q___RS____
T_________
U_________
Case 9:
#01234567#
8________9
A_________
B_________
C_________
D_________
E_________
F_________
G_________
#H_______#
Case 10:
01234#5678#9ABC
D____#E___#F___
G____H____#I___
##J____##KL____
MN_#O__PQ______
R__S__#T____###
U____#V____#WXY
Z___#a____#b___
c__#d____#e____
###f____#g_____
hij_____k__#l__
m_____##n__o_##
p___#qrs_____tu
v___#w____#x___
y___#z____#@___
Case 11:
0#123#
45___#
##6###
#7_89A
B_____
C_____
Case 12:
###01#
#23__#
#4#5_6
7_8___
9_____
A_____
Case 13:
0#1#23
45_#6_
7__8__
9_____
A_____
B____#
Case 14:
01234#
5___#6
7__#8_
#9_A_#
B#C__D
EF____
