1
110
111
100
101
11010
11011
11000
11001
11110
11111
11100
11101
10010
10011
10000
10001
10110
10111
10100
10101
1101010
1101011
1101000
1101001
1101110
1101111
1101100
1101101
1100010
1100011
1100000
1100001
1100110
1100111
1100100
1100101
1111010
1111011
1111000
1111001
1111110
1111111
1111100
1111101
1110010
1110011
1110000
1110001
1110110
1110111
1110100
1110101
1001010
1001011
1001000
1001001
1001110
1001111
1001100
1001101
1000010
1000011
1000000
1000001
1000110
1000111
1000100
1000101
1011010
1011011
1011000
1011001
1011110
1011111
1011100
1011101
1010010
1010011
1010000
1010001
1010110
1010111
1010100
1010101
110101010
110101011
110101000
110101001
110101110
110101111
110101100
110101101
110100010
110100011
110100000
110100001
110100110
110100111
110100100
110100101
110111010
110111011
110111000
110111001
110111110
110111111
110111100
110111101
110110010
110110011
110110000
110110001
110110110
110110111
110110100
110110101
110001010
110001011
110001000
110001001
110001110
110001111
110001100
110001101
110000010
110000011
110000000
110000001
110000110
110000111
110000100
110000101
110011010
110011011
110011000
110011001
110011110
110011111
110011100
110011101
110010010
110010011
110010000
110010001
110010110
110010111
110010100
110010101
111101010
111101011
111101000
111101001
111101110
111101111
111101100
111101101
111100010
111100011
111100000
111100001
111100110
111100111
111100100
111100101
111111010
111111011
111111000
111111001
111111110
111111111
111111100
111111101
111110010
111110011
111110000
111110001
111110110
111110111
111110100
111110101
111001010
111001011
111001000
111001001
111001110
111001111
111001100
111001101
111000010
111000011
111000000
111000001
111000110
111000111
111000100
111000101
111011010
111011011
111011000
111011001
111011110
111011111
111011100
111011101
111010010
111010011
111010000
111010001
111010110
111010111
111010100
111010101
100101010
100101011
100101000
100101001
100101110
100101111
100101100
100101101
100100010
100100011
100100000
100100001
100100110
100100111
100100100
100100101
100111010
100111011
100111000
100111001
100111110
100111111
100111100
100111101
100110010
100110011
100110000
100110001
100110110
100110111
100110100
100110101
100001010
100001011
100001000
100001001
100001110
100001111
100001100
100001101
100000010
100000011
100000000
100000001
100000110
100000111
100000100
100000101
100011010
100011011
100011000
100011001
100011110
100011111
100011100
100011101
100010010
100010011
100010000
100010001
100010110
100010111
100010100
100010101
101101010
101101011
101101000
101101001
101101110
101101111
101101100
101101101
101100010
101100011
101100000
101100001
101100110
101100111
101100100
101100101
101111010
101111011
101111000
101111001
101111110
101111111
11110101000
11110101001
11110101110
11110101111
11110101100
11110101101
11110100010
11110100011
11110100000
11110100001
11110100110
11110100111
11110100100
11110100101
11110111010
11110111011
11110111000
11110111001
11110111110
11110111111
11110111100
11110111101
11110110010
11110110011
11110110000
11110110001
11110110110
11110110111
11110110100
11110110101
11110001010
11110001011
11110001000
11110001001
11110001110
11110001111
11110001100
11110001101
11110000010
11110000011
11110000000
11110000001
11110000110
11110000111
11110000100
11110000101
11110011010
11110011011
11110011000
11110011001
11110011110
11110011111
11110011100
11110011101
11110010010
11110010011
11110010000
11110010001
11110010110
11110010111
11110010100
11110010101
11111101010
11111101011
11111101000
11111101001
11111101110
11111101111
11111101100
11111101101
11111100010
11111100011
11111100000
11111100001
11111100110
11111100111
11111100100
11111100101
11111111010
11111111011
11111111000
11111111001
11111111110
11111111111
11111111100
11111111101
11111110010
11111110011
11111110000
11111110001
11111110110
11111110111
11111110100
11111110101
11111001010
11111001011
11111001000
11111001001
11111001110
11111001111
11111001100
11111001101
11111000010
11111000011
11111000000
11111000001
11111000110
11111000111
11111000100
11111000101
11111011010
11111011011
11111011000
11111011001
11111011110
11111011111
11111011100
11111011101
11111010010
11111010011
11111010000
11111010001
11111010110
11111010111
11111010100
11111010101
11100101010
11100101011
11100101000
11100101001
11100101110
11100101111
11100101100
11100101101
11100100010
11100100011
11100100000
11100100001
11100100110
11100100111
11100100100
11100100101
11100111010
11100111011
11100111000
11100111001
11100111110
11100111111
11100111100
11100111101
11100110010
11100110011
11100110000
11100110001
11100110110
11100110111
11100110100
11100110101
11100001010
11100001011
11100001000
11100001001
11100001110
11100001111
11100001100
11100001101
11100000010
11100000011
11100000000
11100000001
11100000110
11100000111
11100000100
11100000101
11100011010
11100011011
11100011000
11100011001
11100011110
11100011111
11100011100
11100011101
11100010010
11100010011
11100010000
11100010001
11100010110
11100010111
11100010100
11100010101
11101101010
11101101011
11101101000
11101101001
11101101110
11101101111
11101101100
11101101101
11101100010
11101100011
10011001010
10011001011
10011001000
10011001001
10011001110
10011001111
10011001100
10011001101
10011000010
10011000011
10011000000
10011000001
10011000110
10011000111
10011000100
10011000101
10011011010
10011011011
10011011000
10011011001
10011011110
10011011111
10011011100
10011011101
10011010010
10011010011
10011010000
10011010001
10011010110
10011010111
10011010100
10011010101
10000101010
10000101011
10000101000
10000101001
10000101110
10000101111
10000101100
10000101101
10000100010
10000100011
10000100000
10000100001
10000100110
10000100111
10000100100
10000100101
10000111010
10000111011
101110010101110011011
11000101011001101110100010101
101101001111101010101001101100111111100111111000000
11000000000000000000000000000000000000000000000000000000000000011
