Image #1
 - 
1 - 
 2 

Image #2
--
12


Image #3
  - 
 - - 
1 - - 
 2 - 
  3 

Image #4
---
---
123


Image #5
   - 
  - - 
 - - - 
1 - - - 
 2 - - 
  3 - 
   4 

Image #6
----
----
----
1234


Image #7
    - 
   - - 
  - - - 
 - - - - 
1 - - - - 
 2 - - - 
  3 - - 
   4 - 
    5 

Image #8
-----
-----
-----
-----
12345


Image #9
     - 
    - - 
   - - - 
  - - - - 
 - - - - - 
1 - - - - - 
 2 - - - - 
  3 - - - 
   4 - - 
    5 - 
     6 

Image #10
------
------
------
------
------
123456


Image #11
      - 
     - - 
    - - - 
   - - - - 
  - - - - - 
 - - - - - - 
1 - - - - - - 
 2 - - - - - 
  3 - - - - 
   4 - - - 
    5 - - 
     6 - 
      7 

Image #12
-------
-------
-------
-------
-------
-------
1234567


Image #13
       - 
      - - 
     - - - 
    - - - - 
   - - - - - 
  - - - - - - 
 - - - - - - - 
1 - - - - - - - 
 2 - - - - - - 
  3 - - - - - 
   4 - - - - 
    5 - - - 
     6 - - 
      7 - 
       8 

Image #14
--------
--------
--------
--------
--------
--------
--------
12345678


Image #15
        - 
       - - 
      - - - 
     - - - - 
    - - - - - 
   - - - - - - 
  - - - - - - - 
 - - - - - - - - 
1 - - - - - - - - 
 2 - - - - - - - 
  3 - - - - - - 
   4 - - - - - 
    5 - - - - 
     6 - - - 
      7 - - 
       8 - 
        9 

Image #16
---------
---------
---------
---------
---------
---------
---------
---------
123456789


Image #17
         - 
        - - 
       - - - 
      - - - - 
     - - - - - 
    - - - - - - 
   - - - - - - - 
  - - - - - - - - 
 - - - - - - - - - 
1 - - - - - - - - - 
 2 - - - - - - - - 
  3 - - - - - - - 
   4 - - - - - - 
    5 - - - - - 
     6 - - - - 
      7 - - - 
       8 - - 
        9 0 
         1 

Image #18
----------
----------
----------
----------
----------
----------
----------
----------
---------0
1234567891


Image #19
          - 
         - - 
        - - - 
       - - - - 
      - - - - - 
     - - - - - - 
    - - - - - - - 
   - - - - - - - - 
  - - - - - - - - - 
 - - - - - - - - - - 
1 - - - - - - - - - - 
 2 - - - - - - - - - 
  3 - - - - - - - - 
   4 - - - - - - - 
    5 - - - - - - 
     6 - - - - - 
      7 - - - - 
       8 - - - 
        9 0 - 
         1 1 
          1 

Image #20
-----------
-----------
-----------
-----------
-----------
-----------
-----------
-----------
-----------
---------01
12345678911


