0.0 0.0
0.5 6.0
1.0 12.0
1.5 18.0
2.0 24.0
2.5 30.0
3.0 36.0
3.5 42.0
4.0 48.0
4.5 54.0
5.0 60.0
5.5 66.0
6.0 72.0
6.5 78.0
7.0 84.0
7.5 90.0
8.0 96.0
8.5 102.0
9.0 108.0
9.5 114.0
10.0 120.0
10.5 126.0
11.0 132.0
11.5 138.0
12.0 144.0
12.5 150.0
13.0 156.0
13.5 162.0
14.0 168.0
14.5 174.0
15.0 180.0
15.5 186.0
16.0 192.0
16.5 198.0
17.0 204.0
17.5 210.0
18.0 216.0
18.5 222.0
19.0 228.0
19.5 234.0
20.0 240.0
20.5 246.0
21.0 252.0
21.5 258.0
22.0 264.0
22.5 270.0
23.0 276.0
23.5 282.0
24.0 288.0
24.5 294.0
25.0 300.0
25.5 306.0
26.0 312.0
26.5 318.0
27.0 324.0
27.5 330.0
28.0 336.0
28.5 342.0
29.0 348.0
29.5 354.0
30.0 0.0
30.5 6.0
31.0 12.0
31.5 18.0
32.0 24.0
32.5 30.0
33.0 36.0
33.5 42.0
34.0 48.0
34.5 54.0
35.0 60.0
35.5 66.0
36.0 72.0
36.5 78.0
37.0 84.0
37.5 90.0
38.0 96.0
38.5 102.0
39.0 108.0
39.5 114.0
40.0 120.0
40.5 126.0
41.0 132.0
41.5 138.0
42.0 144.0
42.5 150.0
43.0 156.0
43.5 162.0
44.0 168.0
44.5 174.0
45.0 180.0
45.5 186.0
46.0 192.0
46.5 198.0
47.0 204.0
47.5 210.0
48.0 216.0
48.5 222.0
49.0 228.0
49.5 234.0
50.0 240.0
50.5 246.0
51.0 252.0
51.5 258.0
52.0 264.0
52.5 270.0
53.0 276.0
53.5 282.0
54.0 288.0
54.5 294.0
55.0 300.0
55.5 306.0
56.0 312.0
56.5 318.0
57.0 324.0
57.5 330.0
58.0 336.0
58.5 342.0
59.0 348.0
59.5 354.0
60.0 0.0
60.5 6.0
61.0 12.0
61.5 18.0
62.0 24.0
62.5 30.0
63.0 36.0
63.5 42.0
64.0 48.0
64.5 54.0
65.0 60.0
65.5 66.0
66.0 72.0
66.5 78.0
67.0 84.0
67.5 90.0
68.0 96.0
68.5 102.0
69.0 108.0
69.5 114.0
70.0 120.0
70.5 126.0
71.0 132.0
71.5 138.0
72.0 144.0
72.5 150.0
73.0 156.0
73.5 162.0
74.0 168.0
74.5 174.0
75.0 180.0
75.5 186.0
76.0 192.0
76.5 198.0
77.0 204.0
77.5 210.0
78.0 216.0
78.5 222.0
79.0 228.0
79.5 234.0
80.0 240.0
80.5 246.0
81.0 252.0
81.5 258.0
82.0 264.0
82.5 270.0
83.0 276.0
83.5 282.0
84.0 288.0
84.5 294.0
85.0 300.0
85.5 306.0
86.0 312.0
86.5 318.0
87.0 324.0
87.5 330.0
88.0 336.0
88.5 342.0
89.0 348.0
89.5 354.0
90.0 0.0
90.5 6.0
91.0 12.0
91.5 18.0
92.0 24.0
92.5 30.0
93.0 36.0
93.5 42.0
94.0 48.0
94.5 54.0
95.0 60.0
95.5 66.0
96.0 72.0
96.5 78.0
97.0 84.0
97.5 90.0
98.0 96.0
98.5 102.0
99.0 108.0
99.5 114.0
100.0 120.0
100.5 126.0
101.0 132.0
101.5 138.0
102.0 144.0
102.5 150.0
103.0 156.0
103.5 162.0
104.0 168.0
104.5 174.0
105.0 180.0
105.5 186.0
106.0 192.0
106.5 198.0
107.0 204.0
107.5 210.0
108.0 216.0
108.5 222.0
109.0 228.0
109.5 234.0
110.0 240.0
110.5 246.0
111.0 252.0
111.5 258.0
112.0 264.0
112.5 270.0
113.0 276.0
113.5 282.0
114.0 288.0
114.5 294.0
115.0 300.0
115.5 306.0
116.0 312.0
116.5 318.0
117.0 324.0
117.5 330.0
118.0 336.0
118.5 342.0
119.0 348.0
119.5 354.0
120.0 0.0
120.5 6.0
121.0 12.0
121.5 18.0
122.0 24.0
122.5 30.0
123.0 36.0
123.5 42.0
124.0 48.0
124.5 54.0
125.0 60.0
125.5 66.0
126.0 72.0
126.5 78.0
127.0 84.0
127.5 90.0
128.0 96.0
128.5 102.0
129.0 108.0
129.5 114.0
130.0 120.0
130.5 126.0
131.0 132.0
131.5 138.0
132.0 144.0
132.5 150.0
133.0 156.0
133.5 162.0
134.0 168.0
134.5 174.0
135.0 180.0
135.5 186.0
136.0 192.0
136.5 198.0
137.0 204.0
137.5 210.0
138.0 216.0
138.5 222.0
139.0 228.0
139.5 234.0
140.0 240.0
140.5 246.0
141.0 252.0
141.5 258.0
142.0 264.0
142.5 270.0
143.0 276.0
143.5 282.0
144.0 288.0
144.5 294.0
145.0 300.0
145.5 306.0
146.0 312.0
146.5 318.0
147.0 324.0
147.5 330.0
148.0 336.0
148.5 342.0
149.0 348.0
149.5 354.0
150.0 0.0
150.5 6.0
151.0 12.0
151.5 18.0
152.0 24.0
152.5 30.0
153.0 36.0
153.5 42.0
154.0 48.0
154.5 54.0
155.0 60.0
155.5 66.0
156.0 72.0
156.5 78.0
157.0 84.0
157.5 90.0
158.0 96.0
158.5 102.0
159.0 108.0
159.5 114.0
160.0 120.0
160.5 126.0
161.0 132.0
161.5 138.0
162.0 144.0
162.5 150.0
163.0 156.0
163.5 162.0
164.0 168.0
164.5 174.0
165.0 180.0
165.5 186.0
166.0 192.0
166.5 198.0
167.0 204.0
167.5 210.0
168.0 216.0
168.5 222.0
169.0 228.0
169.5 234.0
170.0 240.0
170.5 246.0
171.0 252.0
171.5 258.0
172.0 264.0
172.5 270.0
173.0 276.0
173.5 282.0
174.0 288.0
174.5 294.0
175.0 300.0
175.5 306.0
176.0 312.0
176.5 318.0
177.0 324.0
177.5 330.0
178.0 336.0
178.5 342.0
179.0 348.0
179.5 354.0
180.0 0.0
180.5 6.0
181.0 12.0
181.5 18.0
182.0 24.0
182.5 30.0
183.0 36.0
183.5 42.0
184.0 48.0
184.5 54.0
185.0 60.0
185.5 66.0
186.0 72.0
186.5 78.0
187.0 84.0
187.5 90.0
188.0 96.0
188.5 102.0
189.0 108.0
189.5 114.0
190.0 120.0
190.5 126.0
191.0 132.0
191.5 138.0
192.0 144.0
192.5 150.0
193.0 156.0
193.5 162.0
194.0 168.0
194.5 174.0
195.0 180.0
195.5 186.0
196.0 192.0
196.5 198.0
197.0 204.0
197.5 210.0
198.0 216.0
198.5 222.0
199.0 228.0
199.5 234.0
200.0 240.0
200.5 246.0
201.0 252.0
201.5 258.0
202.0 264.0
202.5 270.0
203.0 276.0
203.5 282.0
204.0 288.0
204.5 294.0
205.0 300.0
205.5 306.0
206.0 312.0
206.5 318.0
207.0 324.0
207.5 330.0
208.0 336.0
208.5 342.0
209.0 348.0
209.5 354.0
210.0 0.0
210.5 6.0
211.0 12.0
211.5 18.0
212.0 24.0
212.5 30.0
213.0 36.0
213.5 42.0
214.0 48.0
214.5 54.0
215.0 60.0
215.5 66.0
216.0 72.0
216.5 78.0
217.0 84.0
217.5 90.0
218.0 96.0
218.5 102.0
219.0 108.0
219.5 114.0
220.0 120.0
220.5 126.0
221.0 132.0
221.5 138.0
222.0 144.0
222.5 150.0
223.0 156.0
223.5 162.0
224.0 168.0
224.5 174.0
225.0 180.0
225.5 186.0
226.0 192.0
226.5 198.0
227.0 204.0
227.5 210.0
228.0 216.0
228.5 222.0
229.0 228.0
229.5 234.0
230.0 240.0
230.5 246.0
231.0 252.0
231.5 258.0
232.0 264.0
232.5 270.0
233.0 276.0
233.5 282.0
234.0 288.0
234.5 294.0
235.0 300.0
235.5 306.0
236.0 312.0
236.5 318.0
237.0 324.0
237.5 330.0
238.0 336.0
238.5 342.0
239.0 348.0
239.5 354.0
240.0 0.0
240.5 6.0
241.0 12.0
241.5 18.0
242.0 24.0
242.5 30.0
243.0 36.0
243.5 42.0
244.0 48.0
244.5 54.0
245.0 60.0
245.5 66.0
246.0 72.0
246.5 78.0
247.0 84.0
247.5 90.0
248.0 96.0
248.5 102.0
249.0 108.0
249.5 114.0
250.0 120.0
250.5 126.0
251.0 132.0
251.5 138.0
252.0 144.0
252.5 150.0
253.0 156.0
253.5 162.0
254.0 168.0
254.5 174.0
255.0 180.0
255.5 186.0
256.0 192.0
256.5 198.0
257.0 204.0
257.5 210.0
258.0 216.0
258.5 222.0
259.0 228.0
259.5 234.0
260.0 240.0
260.5 246.0
261.0 252.0
261.5 258.0
262.0 264.0
262.5 270.0
263.0 276.0
263.5 282.0
264.0 288.0
264.5 294.0
265.0 300.0
265.5 306.0
266.0 312.0
266.5 318.0
267.0 324.0
267.5 330.0
268.0 336.0
268.5 342.0
269.0 348.0
269.5 354.0
270.0 0.0
270.5 6.0
271.0 12.0
271.5 18.0
272.0 24.0
272.5 30.0
273.0 36.0
273.5 42.0
274.0 48.0
274.5 54.0
275.0 60.0
275.5 66.0
276.0 72.0
276.5 78.0
277.0 84.0
277.5 90.0
278.0 96.0
278.5 102.0
279.0 108.0
279.5 114.0
280.0 120.0
280.5 126.0
281.0 132.0
281.5 138.0
282.0 144.0
282.5 150.0
283.0 156.0
283.5 162.0
284.0 168.0
284.5 174.0
285.0 180.0
285.5 186.0
286.0 192.0
286.5 198.0
287.0 204.0
287.5 210.0
288.0 216.0
288.5 222.0
289.0 228.0
289.5 234.0
290.0 240.0
290.5 246.0
291.0 252.0
291.5 258.0
292.0 264.0
292.5 270.0
293.0 276.0
293.5 282.0
294.0 288.0
294.5 294.0
295.0 300.0
295.5 306.0
296.0 312.0
296.5 318.0
297.0 324.0
297.5 330.0
298.0 336.0
298.5 342.0
299.0 348.0
299.5 354.0
300.0 0.0
300.5 6.0
301.0 12.0
301.5 18.0
302.0 24.0
302.5 30.0
303.0 36.0
303.5 42.0
304.0 48.0
304.5 54.0
305.0 60.0
305.5 66.0
306.0 72.0
306.5 78.0
307.0 84.0
307.5 90.0
308.0 96.0
308.5 102.0
309.0 108.0
309.5 114.0
310.0 120.0
310.5 126.0
311.0 132.0
311.5 138.0
312.0 144.0
312.5 150.0
313.0 156.0
313.5 162.0
314.0 168.0
314.5 174.0
315.0 180.0
315.5 186.0
316.0 192.0
316.5 198.0
317.0 204.0
317.5 210.0
318.0 216.0
318.5 222.0
319.0 228.0
319.5 234.0
320.0 240.0
320.5 246.0
321.0 252.0
321.5 258.0
322.0 264.0
322.5 270.0
323.0 276.0
323.5 282.0
324.0 288.0
324.5 294.0
325.0 300.0
325.5 306.0
326.0 312.0
326.5 318.0
327.0 324.0
327.5 330.0
328.0 336.0
328.5 342.0
329.0 348.0
329.5 354.0
330.0 0.0
330.5 6.0
331.0 12.0
331.5 18.0
332.0 24.0
332.5 30.0
333.0 36.0
333.5 42.0
334.0 48.0
334.5 54.0
335.0 60.0
335.5 66.0
336.0 72.0
336.5 78.0
337.0 84.0
337.5 90.0
338.0 96.0
338.5 102.0
339.0 108.0
339.5 114.0
340.0 120.0
340.5 126.0
341.0 132.0
341.5 138.0
342.0 144.0
342.5 150.0
343.0 156.0
343.5 162.0
344.0 168.0
344.5 174.0
345.0 180.0
345.5 186.0
346.0 192.0
346.5 198.0
347.0 204.0
347.5 210.0
348.0 216.0
348.5 222.0
349.0 228.0
349.5 234.0
350.0 240.0
350.5 246.0
351.0 252.0
351.5 258.0
352.0 264.0
352.5 270.0
353.0 276.0
353.5 282.0
354.0 288.0
354.5 294.0
355.0 300.0
355.5 306.0
356.0 312.0
356.5 318.0
357.0 324.0
357.5 330.0
358.0 336.0
358.5 342.0
359.0 348.0
359.5 354.0
