Lawn 1:
X

Lawn 2:
X
X

Lawn 3:
X
X
X

Lawn 4:
X
X
X
X

Lawn 5:
X
X
X
X
X

Lawn 6:
X
X
X
X
X
X

Lawn 7:
X
X
X
X
X
X
X

Lawn 8:
X
X
X
X
X
X
X
X

Lawn 9:
X
X
X
X
X
X
X
X
X

Lawn 10:
X
X
X
X
X
X
X
X
X
X

Lawn 11:
.

Lawn 12:
.
X

Lawn 13:
.
X
.

Lawn 14:
.
X
.
X

Lawn 15:
.
X
.
X
.

Lawn 16:
.
X
.
X
.
X

Lawn 17:
.
X
.
X
.
X
.

Lawn 18:
.
X
.
X
.
X
.
X

Lawn 19:
.
X
.
X
.
X
.
X
.

Lawn 20:
.
X
.
X
.
X
.
X
.
X

Lawn 21:
.

Lawn 22:
.
.

Lawn 23:
.
.
X

Lawn 24:
.
.
X
.

Lawn 25:
.
.
X
.
.

Lawn 26:
.
.
X
.
.
X

Lawn 27:
.
.
X
.
.
X
.

Lawn 28:
.
.
X
.
.
X
.
.

Lawn 29:
.
.
X
.
.
X
.
.
X

Lawn 30:
.
.
X
.
.
X
.
.
X
.

Lawn 31:
XX

Lawn 32:
XX
XX

Lawn 33:
XX
XX
XX

Lawn 34:
XX
XX
XX
XX

Lawn 35:
XX
XX
XX
XX
XX

Lawn 36:
XX
XX
XX
XX
XX
XX

Lawn 37:
XX
XX
XX
XX
XX
XX
XX

Lawn 38:
XX
XX
XX
XX
XX
XX
XX
XX

Lawn 39:
XX
XX
XX
XX
XX
XX
XX
XX
XX

Lawn 40:
XX
XX
XX
XX
XX
XX
XX
XX
XX
XX

Lawn 41:
.X

Lawn 42:
.X
X.

Lawn 43:
.X
X.
.X

Lawn 44:
.X
X.
.X
X.

Lawn 45:
.X
X.
.X
X.
.X

Lawn 46:
.X
X.
.X
X.
.X
X.

Lawn 47:
.X
X.
.X
X.
.X
X.
.X

Lawn 48:
.X
X.
.X
X.
.X
X.
.X
X.

Lawn 49:
.X
X.
.X
X.
.X
X.
.X
X.
.X

Lawn 50:
.X
X.
.X
X.
.X
X.
.X
X.
.X
X.

Lawn 51:
..

Lawn 52:
..
.X

Lawn 53:
..
XX
..

Lawn 54:
..
.X
..
X.

Lawn 55:
..
.X
X.
..
.X

Lawn 56:
..
XX
..
..
XX
..

Lawn 57:
..
.X
..
X.
.X
..
X.

Lawn 58:
..
.X
X.
..
.X
X.
..
.X

Lawn 59:
..
XX
..
..
XX
..
..
XX
..

Lawn 60:
XXX

Lawn 61:
XXX
XXX

Lawn 62:
XXX
XXX
XXX

Lawn 63:
XXX
XXX
XXX
XXX

Lawn 64:
XXX
XXX
XXX
XXX
XXX

Lawn 65:
XXX
XXX
XXX
XXX
XXX
XXX

Lawn 66:
XXX
XXX
XXX
XXX
XXX
XXX
XXX

Lawn 67:
XXX
XXX
XXX
XXX
XXX
XXX
XXX
XXX

Lawn 68:
XXX
XXX
XXX
XXX
XXX
XXX
XXX
XXX
XXX

Lawn 69:
XXX
XXX
XXX
XXX
XXX
XXX
XXX
XXX
XXX
XXX

Lawn 70:
.X.

Lawn 71:
.X.
X.X

Lawn 72:
.X.
X.X
.X.

Lawn 73:
.X.
X.X
.X.
X.X

Lawn 74:
.X.
X.X
.X.
X.X
.X.

Lawn 75:
.X.
X.X
.X.
X.X
.X.
X.X

Lawn 76:
.X.
X.X
.X.
X.X
.X.
X.X
.X.

Lawn 77:
.X.
X.X
.X.
X.X
.X.
X.X
.X.
X.X

Lawn 78:
.X.
X.X
.X.
X.X
.X.
X.X
.X.
X.X
.X.

Lawn 79:
.X.
X.X
.X.
X.X
.X.
X.X
.X.
X.X
.X.
X.X

Lawn 80:
..X

Lawn 81:
..X
X..

Lawn 82:
..X
.X.
.X.

Lawn 83:
..X
...
XX.
..X

Lawn 84:
..X
X..
...
.XX
X..

Lawn 85:
..X
.X.
...
X.X
.X.
.X.

Lawn 86:
..X
...
XX.
..X
...
XX.
..X

Lawn 87:
..X
X..
...
.XX
X..
...
.XX
X..

Lawn 88:
..X
.X.
...
X.X
.X.
...
X.X
.X.
.X.

Lawn 89:
..X
...
XX.
..X
...
XX.
..X
...
XX.
..X

Lawn 90:
XXXX

Lawn 91:
XXXX
XXXX

Lawn 92:
XXXX
XXXX
XXXX

Lawn 93:
XXXX
XXXX
XXXX
XXXX

Lawn 94:
XXXX
XXXX
XXXX
XXXX
XXXX

Lawn 95:
XXXX
XXXX
XXXX
XXXX
XXXX
XXXX

Lawn 96:
XXXX
XXXX
XXXX
XXXX
XXXX
XXXX
XXXX

Lawn 97:
XXXX
XXXX
XXXX
XXXX
XXXX
XXXX
XXXX
XXXX

Lawn 98:
XXXX
XXXX
XXXX
XXXX
XXXX
XXXX
XXXX
XXXX
XXXX

Lawn 99:
XXXX
XXXX
XXXX
XXXX
XXXX
XXXX
XXXX
XXXX
XXXX
XXXX

Lawn 100:
.X.X

Lawn 101:
.X.X
X.X.

Lawn 102:
.X.X
X.X.
.X.X

Lawn 103:
.X.X
X.X.
.X.X
X.X.

Lawn 104:
.X.X
X.X.
.X.X
X.X.
.X.X

Lawn 105:
.X.X
X.X.
.X.X
X.X.
.X.X
X.X.

Lawn 106:
.X.X
X.X.
.X.X
X.X.
.X.X
X.X.
.X.X

Lawn 107:
.X.X
X.X.
.X.X
X.X.
.X.X
X.X.
.X.X
X.X.

Lawn 108:
.X.X
X.X.
.X.X
X.X.
.X.X
X.X.
.X.X
X.X.
.X.X

Lawn 109:
.X.X
X.X.
.X.X
X.X.
.X.X
X.X.
.X.X
X.X.
.X.X
X.X.

Lawn 110:
..X.

Lawn 111:
..X.
..X.

Lawn 112:
..X.
..X.
X..X

Lawn 113:
..X.
X...
..XX
.X..

Lawn 114:
..X.
.X..
...X
X.X.
..X.

Lawn 115:
..X.
..X.
XX.X
....
..X.
X..X

Lawn 116:
..X.
X...
..XX
.X..
X...
..XX
.X..

Lawn 117:
..X.
.X..
...X
X.X.
.X..
...X
X.X.
..X.

Lawn 118:
..X.
..X.
XX.X
....
..X.
XX.X
....
..X.
X..X

Lawn 119:
..X.
X...
..XX
.X..
X...
..XX
.X..
X...
..XX
.X..

Lawn 120:
XXXXX

Lawn 121:
XXXXX
XXXXX

Lawn 122:
XXXXX
XXXXX
XXXXX

Lawn 123:
XXXXX
XXXXX
XXXXX
XXXXX

Lawn 124:
XXXXX
XXXXX
XXXXX
XXXXX
XXXXX

Lawn 125:
XXXXX
XXXXX
XXXXX
XXXXX
XXXXX
XXXXX

Lawn 126:
XXXXX
XXXXX
XXXXX
XXXXX
XXXXX
XXXXX
XXXXX

Lawn 127:
XXXXX
XXXXX
XXXXX
XXXXX
XXXXX
XXXXX
XXXXX
XXXXX

Lawn 128:
XXXXX
XXXXX
XXXXX
XXXXX
XXXXX
XXXXX
XXXXX
XXXXX
XXXXX

Lawn 129:
XXXXX
XXXXX
XXXXX
XXXXX
XXXXX
XXXXX
XXXXX
XXXXX
XXXXX
XXXXX

Lawn 130:
.X.X.

Lawn 131:
.X.X.
X.X.X

Lawn 132:
.X.X.
X.X.X
.X.X.

Lawn 133:
.X.X.
X.X.X
.X.X.
X.X.X

Lawn 134:
.X.X.
X.X.X
.X.X.
X.X.X
.X.X.

Lawn 135:
.X.X.
X.X.X
.X.X.
X.X.X
.X.X.
X.X.X

Lawn 136:
.X.X.
X.X.X
.X.X.
X.X.X
.X.X.
X.X.X
.X.X.

Lawn 137:
.X.X.
X.X.X
.X.X.
X.X.X
.X.X.
X.X.X
.X.X.
X.X.X

Lawn 138:
.X.X.
X.X.X
.X.X.
X.X.X
.X.X.
X.X.X
.X.X.
X.X.X
.X.X.

Lawn 139:
.X.X.
X.X.X
.X.X.
X.X.X
.X.X.
X.X.X
.X.X.
X.X.X
.X.X.
X.X.X

Lawn 140:
..X..

Lawn 141:
..X..
.X..X

Lawn 142:
..X..
X..XX
..X..

Lawn 143:
..X..
.X..X
...X.
X..X.

Lawn 144:
..X..
..X.X
XX...
...X.
.X..X

Lawn 145:
..X..
X..XX
.....
.XX..
X..XX
..X..

Lawn 146:
..X..
.X..X
..XX.
X....
.X..X
...X.
X..X.

Lawn 147:
..X..
..X.X
XX...
...X.
..X.X
XX...
...X.
.X..X

Lawn 148:
..X..
X..XX
.....
.XX..
X..XX
.....
.XX..
X..XX
..X..

Lawn 149:
XXXXXX

Lawn 150:
XXXXXX
XXXXXX

Lawn 151:
XXXXXX
XXXXXX
XXXXXX

Lawn 152:
XXXXXX
XXXXXX
XXXXXX
XXXXXX

Lawn 153:
XXXXXX
XXXXXX
XXXXXX
XXXXXX
XXXXXX

Lawn 154:
XXXXXX
XXXXXX
XXXXXX
XXXXXX
XXXXXX
XXXXXX

Lawn 155:
XXXXXX
XXXXXX
XXXXXX
XXXXXX
XXXXXX
XXXXXX
XXXXXX

Lawn 156:
XXXXXX
XXXXXX
XXXXXX
XXXXXX
XXXXXX
XXXXXX
XXXXXX
XXXXXX

Lawn 157:
XXXXXX
XXXXXX
XXXXXX
XXXXXX
XXXXXX
XXXXXX
XXXXXX
XXXXXX
XXXXXX

Lawn 158:
XXXXXX
XXXXXX
XXXXXX
XXXXXX
XXXXXX
XXXXXX
XXXXXX
XXXXXX
XXXXXX
XXXXXX

Lawn 159:
.X.X.X

Lawn 160:
.X.X.X
X.X.X.

Lawn 161:
.X.X.X
X.X.X.
.X.X.X

Lawn 162:
.X.X.X
X.X.X.
.X.X.X
X.X.X.

Lawn 163:
.X.X.X
X.X.X.
.X.X.X
X.X.X.
.X.X.X

Lawn 164:
.X.X.X
X.X.X.
.X.X.X
X.X.X.
.X.X.X
X.X.X.

Lawn 165:
.X.X.X
X.X.X.
.X.X.X
X.X.X.
.X.X.X
X.X.X.
.X.X.X

Lawn 166:
.X.X.X
X.X.X.
.X.X.X
X.X.X.
.X.X.X
X.X.X.
.X.X.X
X.X.X.

Lawn 167:
.X.X.X
X.X.X.
.X.X.X
X.X.X.
.X.X.X
X.X.X.
.X.X.X
X.X.X.
.X.X.X

Lawn 168:
.X.X.X
X.X.X.
.X.X.X
X.X.X.
.X.X.X
X.X.X.
.X.X.X
X.X.X.
.X.X.X
X.X.X.

Lawn 169:
..X..X

Lawn 170:
..X..X
X..X..

Lawn 171:
..X..X
.X..X.
.X..X.

Lawn 172:
..X..X
..X...
XX..X.
..X..X

Lawn 173:
..X..X
X..X..
...X..
.X..XX
X..X..

Lawn 174:
..X..X
.X..X.
..X...
X.X..X
.X..X.
.X..X.

Lawn 175:
..X..X
..X...
XX..X.
..XX.X
......
XX..X.
..X..X

Lawn 176:
..X..X
X..X..
...X..
.XX.XX
X.....
...X..
.X..XX
X..X..

Lawn 177:
..X..X
.X..X.
..X...
X.X..X
.X.XX.
......
X.X..X
.X..X.
.X..X.

Lawn 178:
..X..X
..X...
XX..X.
..XX.X
......
XX..X.
..XX.X
......
XX..X.
..X..X

Lawn 179:
XXXXXXXXXX
XXXXXXXXXX
XXXXXXXXXX
XXXXXXXXXX
XXXXXXXXXX
XXXXXXXXXX
XXXXXXXXXX
XXXXXXXXXX
XXXXXXXXXX
XXXXXXXXXX

Lawn 180:
.X.X.X.X.X
X.X.X.X.X.
.X.X.X.X.X
X.X.X.X.X.
.X.X.X.X.X
X.X.X.X.X.
.X.X.X.X.X
X.X.X.X.X.
.X.X.X.X.X
X.X.X.X.X.

Lawn 181:
..X..X..X.
X..X..X...
...X..X.XX
.XX..X....
X..X...X..
.....XX.XX
.XX.X.....
X...X..X..
..X..X..XX
.X..X..X..

Lawn 182:
...X...X..
X...X...X.
.X...X...X
..X...X...
...X...X..
X...X...X.
.X...X...X
..X...X...
...X...X..
X...X...X.

Lawn 183:
....X....X
....X.....
X.X....XX.
...X......
..........
...XX.X..X
.X........
X.X....XX.
....X.....
...X....X.

Lawn 184:
.....X....
X.....X...
...X.....X
..X.......
...X...X..
......X.X.
.X........
X...X.....
.....X...X
....X.....

Lawn 185:
......X...
......X...
X......X..
.XX.......
.....X...X
..........
......X.X.
.....X....
...X......
X......X..

Lawn 186:
.......X..
....X.....
.X........
......X...
...X...X..
X.......X.
.........X
..X.......
...X......
....X.....

Lawn 187:
........X.
X.........
........X.
.X........
.......X..
.....XX...
..X.......
..........
.....X...X
.X........

Lawn 188:
.........X
....X.....
.......X..
..........
..........
....X.X...
.X........
X.X.....X.
..........
........X.

Lawn 189:
..........
........XX
...X......
......X...
X.........
.....X....
..........
.....X....
....X.....
......X...

Lawn 190:
..........
X.........
.........X
..X.......
...X...X..
........X.
.X........
..........
..........
....X.....

Lawn 191:
..........
...X......
..X.......
.........X
..........
..........
......X...
....X.....
.......X..
..X.......

Lawn 192:
..........
......X...
.......X..
..X.......
.....X...X
..........
..........
..........
...X......
X.........

Lawn 193:
..........
..........
........X.
..........
..........
......X..X
.X........
X......X..
..........
..........

Lawn 194:
..........
..........
.X........
..........
...X......
X.......X.
.........X
..X.......
..........
..........

Lawn 195:
.................
..........X.....X
...........X.....
..X..............
.................
........X........
...X.X...........
.................
.........X.......
X................
.X.....X.....X...
............X....
.................
.................
...............X.
.................
.................
..............X..
.................
....X.....X.....X
...........X.....
..X...X..........
.................
........X........
...X.X...........
.................
.........X.......
X................
.X...........X...
............X....
.................
..........X......
...............X.
............X....

Lawn 196:
..........................................X.........
...X..........................................X.....
...............X....................................
...................................X................
....................X...............................
.............X......................................
..............X.....................................
.......................X............................
........................................X...........
......................X.............................
............X.......................................
..........X......................................X..
................X...................................
..X...........................X.....................
....................................................
..............................................X.....
..................................X.................
....................................................
.......X.....X......................X........X......
........................X...........................
..................................X............X....
....................................................
....................................................
....................................................
........................X...............XX..........
....................................................
....................................................
....................................................
....................................................
.....................................X......X.......
...X.............X..................................
.X.................X................................
.......................................X..X.........
......X.......X...........X......X..............X...
..............................X....................X
..........................X.........................
....................................................
....................................................
........X...X.......................................
....X...........X...................................
.....X.........X..................................X.
X...................................................
................................X...................
....................................................
.................X..................................
...................X................................
.............X......................................
..........................................X.........
....................X...............................
.................................X..................
......................................X.............
...................................X................
........................X...........................
.....X..........................................X...
.....................X..............................
.............................X......................

Lawn 197:
.............X...........
..X.............X........
.............X...........
....X.............X.....X
.X.X.............X.......
..........X..............
...........X.............
......X...............X..
.........X.............X.
.........................
...........X.....X.X.....
........X.X..............
.........................
X...X.............X......
.....X.........X.....X...
..X.............X...X....
.........................
............X...........X
.X.X.....................
.........................
.......X...X.............
......X.......X.......X..
.........X...X.........X.
.........................
.................X.X.....
........X.X..............
.........................
X...X.............X......
.....X.........X.....X...
..X.............X...X....
.........................
............X...........X
.X.X.....................
.........................
.......X...X.............
......X.......X.......X..
.........X...X.........X.
.........................
.................X.X.....
........X.X..............
.........................
X...X.............X......
.....X.........X.....X...
..X.............X...X....
.........................
............X...........X
.X.X.....................
.........................
.......X...X.............
......X.......X.......X..
.........X.............X.
..........X..............
.................X.X.....
................X........
.......X.................
X...X.............X......
.......X.............X...
..X.............X........
...X.............X.......
..........X.............X

Lawn 198:
.......X.......X.......X.......X.......X.......X..
..X.......X.......X.......X.......X.......X.......
.....X.......X.......X.......X.......X.......X....
........X.......X.......X.......X.......X.......X.
...X.......X.......X.......X.......X.......X......
..X...X.......X.......X.......X.......X.......X...
.X.......X.......X.......X.......X.......X.......X
X...........X.......X.......X.......X.......X.....
.......X.......X.......X.......X.......X.......X..
......X...X.......X.......X.......X.......X.......
.....X.......X.......X.......X.......X.......X....
....X...........X.......X.......X.......X.......X.
...X.......X.......X.......X.......X.......X......
..X.......X...X.......X.......X.......X.......X...
.X.......X.......X.......X.......X.......X.......X
X.......X...........X.......X.......X.......X.....
.......X.......X.......X.......X.......X.......X..
......X.......X...X.......X.......X.......X.......
.....X.......X.......X.......X.......X.......X....
....X.......X...........X.......X.......X.......X.
...X.......X.......X.......X.......X.......X......
..X.......X.......X...X.......X.......X.......X...
.X.......X.......X.......X.......X.......X.......X
X.......X.......X...........X.......X.......X.....
.......X.......X.......X.......X.......X.......X..
......X.......X.......X...........X.......X.......
.....X.......X.......X.......X.......X.......X....
....X.......X.......X.......X...X.......X.......X.
...X.......X.......X.......X.......X.......X......
..X.......X.......X.......X...........X.......X...
.X.......X.......X.......X.......X.......X.......X
X.......X.......X.......X.......X...X.......X.....
.......X.......X.......X.......X.......X.......X..
......X.......X.......X.......X...........X.......
.....X.......X.......X.......X.......X.......X....
....X.......X.......X.......X.......X...X.......X.
...X.......X.......X.......X.......X.......X......
..X.......X.......X.......X.......X...........X...
.X.......X.......X.......X.......X.......X.......X
X.......X.......X.......X.......X.......X...X.....
.......X.......X.......X.......X.......X.......X..
......X.......X.......X.......X.......X...........
.....X.......X.......X.......X.......X.......X....
....X.......X.......X.......X.......X.......X...X.
...X.......X.......X.......X.......X.......X......
..X.......X.......X.......X.......X.......X.......
.X.......X.......X.......X.......X.......X.......X

Lawn 199:
........X........X........X........X........X.
....X........X........X........X........X.....
........X........X........X........X..........
..X........X........X........X........X....X..
.X..X........X........X........X........X.....
.....X........X........X........X.............
X....X........X........X........X.......X...X.
.............X........X........X..............
...........X........X........X.........X..X..X
......X.X........X........X........X.XX.......
.............X........X........X..............
.................X........X...................
..XX.......X........X........X....X......X.X..
.X..X..X..X..X........X........X..............
..............X........X......................
X....X...X....X........X.......X...X....X...X.
......................X.......................
....................X.........X..X..X..X..X..X
......X.X......X.X........X.XX.......XX.......
......................X.......................
..............................................
..XX.......XX.......X....X......X.X......X.X..
.X..X..X..X..X..X..X..........................
..............................................
X....X...X....X...X.......X....X...X....X...X.
..........................X...................
..................X........X..X..X..X..X..X..X
......X.X......X....X........X.......XX.......
.......................X......................
..................X........X..................
..XX.......XX.X........X........X.X......X.X..
.X..X..X..X.........X........X................
..................X........X..................
X....X...X.......X........X........X....X...X.
.................X........X........X..........
.........X........X........X........X..X..X..X
......X....X........X........X........X.......
..............X........X........X.............
.........X........X........X........X.........
..XX.X........X........X........X........X.X..
.X.........X........X........X........X.......
.........X........X........X........X.........
X.......X........X........X........X........X.
........X........X........X........X........X.

Lawn 200:
...............X...............X...............X...............X.............
....X...............X...............X...............X...............X........
.X...............X...............X...............X...............X...........
......X...............X...............X...............X...............X.....X
...X...............X...............X...............X...............X.........
........X...............X...............X...............X....................
.....X...............X...............X...............X...............X.X.....
..........X...............X...............X...............X..................
.......X...............X...............X...............X.....................
............X...............X...............X...............X.............X..
.........X...............X...............X...............X.................X.
..............X...............X...............X...............X.....X........
...........X...............X...............X...............X.........X.......
X...............X...............X...............X............................
.............X...............X...............X...............X.X.............
..X...............X...............X...............X.....................X....
...............X...............X...............X.........................X...
....X...............X...............X...............X.............X..........
.X...............X...............X...............X.................X.........
......X...............X...............X...............X.....X...............X
...X...............X...............X...............X.........X...............
........X...............X...............X.............................X......
.....X...............X...............X...............X.X...............X.....
..........X...............X...............X.....................X............
.......X...............X...............X.........................X...........
............X...............X...............X.............X...............X..
.........X...............X...............X.................X...............X.
..............X...............X...............X.....X...............X........
...........X...............X...............X.........X...............X.......
X...............X...............X.............................X..............
.............X.........................X.......................X.............
..X...............X.....................X...............X...............X....
...............X.................X...............X.......X...............X...
....X...............X.............X...............X...............X..........
.X...............X.........X...............X.......................X.........
......X...............X.....X...............X...............X...............X
...X...............X.................X...............X.......X...............
........X.............X...............X...............X...............X......
.....X.........................X...............X.......................X.....
..........X.....................X...............X...............X............
.......X.................X...............X...............X.......X...........
............X.............X...............X...............X...............X..
.........X.........X...............X...............X.......................X.
..............X.....X...............X...............X...............X........
...........X.................X...............X...............X.......X.......
X.............X...............X...............X...............X..............
.......................X...............X...............X.....................
..X.....................X...............X...............X...............X....
.................X...............X...............X...............X.......X...
....X.............X...............X...............X...............X..........
.X.........X...............X...............X...............X.................
......X.....X...............X...............X...............X...............X
...X.................X...............X...............X...............X.......
......X...............X...............X...............X...............X......
...............X...............X...............X...............X.............
................X...............X...............X...............X............
.........X...............X...............X...............X...............X...
..........X...............X...............X...............X...............X..
...X...............X...............X...............X...............X.........

Lawn 201:
..X..X..X..
.X..X..X..X
..X..X..XX.
X.X..X.....
.X..X..X..X
.....XX.XX.
X.XX.......
.X..X..X..X
.....XX.XX.
X.XX.......
.X..X..X..X
.....XX.XX.
X.XX.......
.X..X..X..X
.....XX.XX.
X.XX.......
.X..X..X..X
.....XX.XX.
X.XX.......
.X..X..X..X
.....XX.XX.
X.XX.......
.X..X..X..X
.....XX.XX.
X.XX.......
.X..X..X..X
.....XX.XX.
X.XX.......
.X..X..X..X
.....XX.XX.
X.XX.......
.X..X..X..X
.....XX.XX.
X.XX.......
.X..X..X..X
.....XX.XX.
X.XX.......
.X..X..X..X
.....XX.XX.
X.XX.......
.X..X..X..X
.....XX.XX.
X.XX.......
.X..X..X..X
.....XX.XX.
X.XX.......
.X..X..X..X
.....XX.XX.
X.XX.......
.X..X..X..X
.....XX.XX.
X.XX.......
.X..X..X..X
.....XX.XX.
X.XX.......
.X..X..X..X
.....XX.XX.
X.XX.......
.X..X..X..X
.....XX.XX.
X.XX.......
.X..X..X..X
.....XX.XX.
X.XX.......
.X..X..X..X
......X.XX.
X.XX..X....
.X..X..X..X
...X..X..X.
X..X..X..X.

