N
NNNNNNNNNNE
NNNNNNNNNE
ENNNNNNNNNE
NNNNNNNNE
NENNNNNNNNE
ENNNNNNNNE
EENNNNNNNNE
NNNNNNNE
NNENNNNNNNE
NENNNNNNNE
ENENNNNNNNE
ENNNNNNNE
NEENNNNNNNE
EENNNNNNNE
EEENNNNNNNE
NNNNNNE
NNNENNNNNNE
NNENNNNNNE
ENNENNNNNNE
NENNNNNNE
NENENNNNNNE
ENENNNNNNE
EENENNNNNNE
ENNNNNNE
NNEENNNNNNE
NEENNNNNNE
ENEENNNNNNE
EENNNNNNE
NEEENNNNNNE
EEENNNNNNE
EEEENNNNNNE
NNNNNE
NNNNENNNNNE
NNNENNNNNE
ENNNENNNNNE
NNENNNNNE
NENNENNNNNE
ENNENNNNNE
EENNENNNNNE
NENNNNNE
NNENENNNNNE
NENENNNNNE
ENENENNNNNE
ENENNNNNE
NEENENNNNNE
EENENNNNNE
EEENENNNNNE
ENNNNNE
NNNEENNNNNE
NNEENNNNNE
ENNEENNNNNE
NEENNNNNE
NENEENNNNNE
ENEENNNNNE
EENEENNNNNE
EENNNNNE
NNEEENNNNNE
NEEENNNNNE
ENEEENNNNNE
EEENNNNNE
NEEEENNNNNE
EEEENNNNNE
EEEEENNNNNE
NNNNE
NNNNNENNNNE
NNNNENNNNE
ENNNNENNNNE
NNNENNNNE
NENNNENNNNE
ENNNENNNNE
EENNNENNNNE
NNENNNNE
NNENNENNNNE
NENNENNNNE
ENENNENNNNE
ENNENNNNE
NEENNENNNNE
EENNENNNNE
EEENNENNNNE
NENNNNE
NNNENENNNNE
NNENENNNNE
ENNENENNNNE
NENENNNNE
NENENENNNNE
ENENENNNNE
EENENENNNNE
ENENNNNE
NNEENENNNNE
NEENENNNNE
ENEENENNNNE
EENENNNNE
NEEENENNNNE
EEENENNNNE
EEEENENNNNE
ENNNNE
NNNNEENNNNE
NNNEENNNNE
ENNNEENNNNE
NNEENNNNE
NENNEENNNNE
ENNEENNNNE
EENNEENNNNE
NEENNNNE
NNENEENNNNE
NENEENNNNE
ENENEENNNNE
ENEENNNNE
NEENEENNNNE
EENEENNNNE
EEENEENNNNE
EENNNNE
NNNEEENNNNE
NNEEENNNNE
ENNEEENNNNE
NEEENNNNE
NENEEENNNNE
ENEEENNNNE
EENEEENNNNE
EEENNNNE
NNEEEENNNNE
NEEEENNNNE
ENEEEENNNNE
EEEENNNNE
NEEEEENNNNE
EEEEENNNNE
EEEEEENNNNE
NNNE
NNNNNNENNNE
NNNNNENNNE
ENNNNNENNNE
NNNNENNNE
NENNNNENNNE
ENNNNENNNE
EENNNNENNNE
NNNENNNE
NNENNNENNNE
NENNNENNNE
ENENNNENNNE
ENNNENNNE
NEENNNENNNE
EENNNENNNE
EEENNNENNNE
NNENNNE
NNNENNENNNE
NNENNENNNE
ENNENNENNNE
NENNENNNE
NENENNENNNE
ENENNENNNE
EENENNENNNE
ENNENNNE
NNEENNENNNE
NEENNENNNE
ENEENNENNNE
EENNENNNE
NEEENNENNNE
EEENNENNNE
EEEENNENNNE
NENNNE
NNNNENENNNE
NNNENENNNE
ENNNENENNNE
NNENENNNE
NENNENENNNE
ENNENENNNE
EENNENENNNE
NENENNNE
NNENENENNNE
NENENENNNE
ENENENENNNE
ENENENNNE
NEENENENNNE
EENENENNNE
EEENENENNNE
ENENNNE
NNNEENENNNE
NNEENENNNE
ENNEENENNNE
NEENENNNE
NENEENENNNE
ENEENENNNE
EENEENENNNE
EENENNNE
NNEEENENNNE
NEEENENNNE
ENEEENENNNE
EEENENNNE
NEEEENENNNE
EEEENENNNE
EEEEENENNNE
ENNNE
NNNNNEENNNE
NNNNEENNNE
ENNNNEENNNE
NNNEENNNE
NENNNEENNNE
ENNNEENNNE
EENNNEENNNE
NNEENNNE
NNENNEENNNE
NENNEENNNE
ENENNEENNNE
ENNEENNNE
NEENNEENNNE
EENNEENNNE
EEENNEENNNE
NEENNNE
NNNENEENNNE
NNENEENNNE
ENNENEENNNE
NENEENNNE
NENENEENNNE
ENENEENNNE
EENENEENNNE
ENEENNNE
NNEENEENNNE
NEENEENNNE
ENEENEENNNE
EENEENNNE
NEEENEENNNE
EEENEENNNE
EEEENEENNNE
EENNNE
NNNNEEENNNE
NNNEEENNNE
ENNNEEENNNE
NNEEENNNE
NENNEEENNNE
ENNEEENNNE
EENNEEENNNE
NEEENNNE
NNENEEENNNE
NENEEENNNE
ENENEEENNNE
ENEEENNNE
NEENEEENNNE
EENEEENNNE
EEENEEENNNE
EEENNNE
NNNEEEENNNE
NNEEEENNNE
ENNEEEENNNE
NEEEENNNE
NENEEEENNNE
ENEEEENNNE
EENEEEENNNE
EEEENNNE
NNEEEEENNNE
NEEEEENNNE
ENEEEEENNNE
EEEEENNNE
NEEEEEENNNE
EEEEEENNNE
EEEEEEENNNE
NNE
NNNNNNNENNE
NNNNNNENNE
ENNNNNNENNE
NNNNNENNE
NENNNNNENNE
ENNNNNENNE
EENNNNNENNE
NNNNENNE
NNENNNNENNE
NENNNNENNE
ENENNNNENNE
ENNNNENNE
NEENNNNENNE
EENNNNENNE
EEENNNNENNE
NNNENNE
NNNENNNENNE
NNENNNENNE
ENNENNNENNE
NENNNENNE
NENENNNENNE
ENENNNENNE
EENENNNENNE
ENNNENNE
NNEENNNENNE
NEENNNENNE
ENEENNNENNE
EENNNENNE
NEEENNNENNE
EEENNNENNE
EEEENNNENNE
NNENNE
NNNNENNENNE
NNNENNENNE
ENNNENNENNE
NNENNENNE
NENNENNENNE
ENNENNENNE
EENNENNENNE
NENNENNE
NNENENNENNE
NENENNENNE
ENENENNENNE
ENENNENNE
NEENENNENNE
EENENNENNE
EEENENNENNE
ENNENNE
NNNEENNENNE
NNEENNENNE
ENNEENNENNE
NEENNENNE
NENEENNENNE
ENEENNENNE
EENEENNENNE
EENNENNE
NNEEENNENNE
NEEENNENNE
ENEEENNENNE
EEENNENNE
NEEEENNENNE
EEEENNENNE
EEEEENNENNE
NENNE
NNNNNENENNE
NNNNENENNE
ENNNNENENNE
NNNENENNE
NENNNENENNE
ENNNENENNE
EENNNENENNE
NNENENNE
NNENNENENNE
NENNENENNE
ENENNENENNE
ENNENENNE
NEENNENENNE
EENNENENNE
EEENNENENNE
NENENNE
NNNENENENNE
NNENENENNE
ENNENENENNE
NENENENNE
NENENENENNE
ENENENENNE
EENENENENNE
ENENENNE
NNEENENENNE
NEENENENNE
ENEENENENNE
EENENENNE
NEEENENENNE
EEENENENNE
EEEENENENNE
ENENNE
NNNNEENENNE
NNNEENENNE
ENNNEENENNE
NNEENENNE
NENNEENENNE
ENNEENENNE
EENNEENENNE
NEENENNE
NNENEENENNE
NENEENENNE
ENENEENENNE
ENEENENNE
NEENEENENNE
EENEENENNE
EEENEENENNE
EENENNE
NNNEEENENNE
NNEEENENNE
ENNEEENENNE
NEEENENNE
NENEEENENNE
ENEEENENNE
EENEEENENNE
EEENENNE
NNEEEENENNE
NEEEENENNE
ENEEEENENNE
EEEENENNE
NEEEEENENNE
EEEEENENNE
EEEEEENENNE
ENNE
NNNNNNEENNE
NNNNNEENNE
ENNNNNEENNE
NNNNEENNE
NENNNNEENNE
ENNNNEENNE
EENNNNEENNE
NNNEENNE
NNENNNEENNE
NENNNEENNE
ENENNNEENNE
ENNNEENNE
NEENNNEENNE
EENNNEENNE
EEENNNEENNE
NNEENNE
NNNENNEENNE
NNENNEENNE
ENNENNEENNE
NENNEENNE
NENENNEENNE
ENENNEENNE
EENENNEENNE
ENNEENNE
NNEENNEENNE
NEENNEENNE
ENEENNEENNE
EENNEENNE
NEEENNEENNE
EEENNEENNE
EEEENNEENNE
NEENNE
NNNNENEENNE
NNNENEENNE
ENNNENEENNE
NNENEENNE
NENNENEENNE
ENNENEENNE
EENNENEENNE
NENEENNE
NNENENEENNE
NENENEENNE
ENENENEENNE
ENENEENNE
NEENENEENNE
EENENEENNE
EEENENEENNE
ENEENNE
NNNEENEENNE
NNEENEENNE
ENNEENEENNE
NEENEENNE
NENEENEENNE
ENEENEENNE
EENEENEENNE
EENEENNE
NNEEENEENNE
NEEENEENNE
ENEEENEENNE
EEENEENNE
NEEEENEENNE
EEEENEENNE
EEEEENEENNE
EENNE
NNNNNEEENNE
NNNNEEENNE
ENNNNEEENNE
NNNEEENNE
NENNNEEENNE
ENNNEEENNE
EENNNEEENNE
NNEEENNE
NNENNEEENNE
NENNEEENNE
ENENNEEENNE
ENNEEENNE
NEENNEEENNE
EENNEEENNE
EEENNEEENNE
NEEENNE
NNNENEEENNE
NNENEEENNE
ENNENEEENNE
NENEEENNE
NENENEEENNE
ENENEEENNE
EENENEEENNE
ENEEENNE
NNEENEEENNE
NEENEEENNE
ENEENEEENNE
EENEEENNE
NEEENEEENNE
EEENEEENNE
EEEENEEENNE
EEENNE
NNNNEEEENNE
NNNEEEENNE
ENNNEEEENNE
NNEEEENNE
NENNEEEENNE
ENNEEEENNE
EENNEEEENNE
NEEEENNE
NNENEEEENNE
NENEEEENNE
ENENEEEENNE
ENEEEENNE
NEENEEEENNE
EENEEEENNE
EEENEEEENNE
EEEENNE
NNNEEEEENNE
NNEEEEENNE
ENNEEEEENNE
NEEEEENNE
NENEEEEENNE
ENEEEEENNE
EENEEEEENNE
EEEEENNE
NNEEEEEENNE
NEEEEEENNE
ENEEEEEENNE
EEEEEENNE
NEEEEEEENNE
EEEEEEENNE
EEEEEEEENNE
NE
NNNNNNNNENE
NNNNNNNENE
ENNNNNNNENE
NNNNNNENE
NENNNNNNENE
ENNNNNNENE
EENNNNNNENE
NNNNNENE
NNENNNNNENE
NENNNNNENE
ENENNNNNENE
ENNNNNENE
NEENNNNNENE
EENNNNNENE
EEENNNNNENE
NNNNENE
NNNENNNNENE
NNENNNNENE
ENNENNNNENE
NENNNNENE
NENENNNNENE
ENENNNNENE
EENENNNNENE
ENNNNENE
NNEENNNNENE
NEENNNNENE
ENEENNNNENE
EENNNNENE
NEEENNNNENE
EEENNNNENE
EEEENNNNENE
NNNENE
NNNNENNNENE
NNNENNNENE
ENNNENNNENE
NNENNNENE
NENNENNNENE
ENNENNNENE
EENNENNNENE
NENNNENE
NNENENNNENE
NENENNNENE
ENENENNNENE
ENENNNENE
NEENENNNENE
EENENNNENE
EEENENNNENE
ENNNENE
NNNEENNNENE
NNEENNNENE
ENNEENNNENE
NEENNNENE
NENEENNNENE
ENEENNNENE
EENEENNNENE
EENNNENE
NNEEENNNENE
NEEENNNENE
ENEEENNNENE
EEENNNENE
NEEEENNNENE
EEEENNNENE
EEEEENNNENE
NNENE
NNNNNENNENE
NNNNENNENE
ENNNNENNENE
NNNENNENE
NENNNENNENE
ENNNENNENE
EENNNENNENE
NNENNENE
NNENNENNENE
NENNENNENE
ENENNENNENE
ENNENNENE
NEENNENNENE
EENNENNENE
EEENNENNENE
NENNENE
NNNENENNENE
NNENENNENE
ENNENENNENE
NENENNENE
NENENENNENE
ENENENNENE
EENENENNENE
ENENNENE
NNEENENNENE
NEENENNENE
ENEENENNENE
EENENNENE
NEEENENNENE
EEENENNENE
EEEENENNENE
ENNENE
NNNNEENNENE
NNNEENNENE
ENNNEENNENE
NNEENNENE
NENNEENNENE
ENNEENNENE
EENNEENNENE
NEENNENE
NNENEENNENE
NENEENNENE
ENENEENNENE
ENEENNENE
NEENEENNENE
EENEENNENE
EEENEENNENE
EENNENE
NNNEEENNENE
NNEEENNENE
ENNEEENNENE
NEEENNENE
NENEEENNENE
ENEEENNENE
EENEEENNENE
EEENNENE
NNEEEENNENE
NEEEENNENE
ENEEEENNENE
EEEENNENE
NEEEEENNENE
EEEEENNENE
EEEEEENNENE
NENE
NNNNNNENENE
NNNNNENENE
ENNNNNENENE
NNNNENENE
NENNNNENENE
ENNNNENENE
EENNNNENENE
NNNENENE
NNENNNENENE
NENNNENENE
ENENNNENENE
ENNNENENE
NEENNNENENE
EENNNENENE
EEENNNENENE
NNENENE
NNNENNENENE
NNENNENENE
ENNENNENENE
NENNENENE
NENENNENENE
ENENNENENE
EENENNENENE
ENNENENE
NNEENNENENE
NEENNENENE
ENEENNENENE
EENNENENE
NEEENNENENE
EEENNENENE
EEEENNENENE
NENENE
NNNNENENENE
NNNENENENE
ENNNENENENE
NNENENENE
NENNENENENE
ENNENENENE
EENNENENENE
NENENENE
NNENENENENE
NENENENENE
ENENENENENE
ENENENENE
NEENENENENE
EENENENENE
EEENENENENE
ENENENE
NNNEENENENE
NNEENENENE
ENNEENENENE
NEENENENE
NENEENENENE
ENEENENENE
EENEENENENE
EENENENE
NNEEENENENE
NEEENENENE
ENEEENENENE
EEENENENE
NEEEENENENE
EEEENENENE
EEEEENENENE
ENENE
NNNNNEENENE
NNNNEENENE
ENNNNEENENE
NNNEENENE
NENNNEENENE
ENNNEENENE
EENNNEENENE
NNEENENE
NNENNEENENE
NENNEENENE
ENENNEENENE
ENNEENENE
NEENNEENENE
EENNEENENE
EEENNEENENE
NEENENE
NNNENEENENE
NNENEENENE
ENNENEENENE
NENEENENE
NENENEENENE
ENENEENENE
EENENEENENE
ENEENENE
NNEENEENENE
NEENEENENE
ENEENEENENE
EENEENENE
NEEENEENENE
EEENEENENE
EEEENEENENE
EENENE
NNNNEEENENE
NNNEEENENE
ENNNEEENENE
NNEEENENE
NENNEEENENE
ENNEEENENE
EENNEEENENE
NEEENENE
NNENEEENENE
NENEEENENE
ENENEEENENE
ENEEENENE
NEENEEENENE
EENEEENENE
EEENEEENENE
EEENENE
NNNEEEENENE
NNEEEENENE
ENNEEEENENE
NEEEENENE
NENEEEENENE
ENEEEENENE
EENEEEENENE
EEEENENE
NNEEEEENENE
NEEEEENENE
ENEEEEENENE
EEEEENENE
NEEEEEENENE
EEEEEENENE
EEEEEEENENE
ENE
NNNNNNNEENE
NNNNNNEENE
ENNNNNNEENE
NNNNNEENE
NENNNNNEENE
ENNNNNEENE
EENNNNNEENE
NNNNEENE
NNENNNNEENE
NENNNNEENE
ENENNNNEENE
ENNNNEENE
NEENNNNEENE
EENNNNEENE
EEENNNNEENE
NNNEENE
NNNENNNEENE
NNENNNEENE
ENNENNNEENE
NENNNEENE
NENENNNEENE
ENENNNEENE
EENENNNEENE
ENNNEENE
NNEENNNEENE
NEENNNEENE
ENEENNNEENE
EENNNEENE
NEEENNNEENE
EEENNNEENE
EEEENNNEENE
NNEENE
NNNNENNEENE
NNNENNEENE
ENNNENNEENE
NNENNEENE
NENNENNEENE
ENNENNEENE
EENNENNEENE
NENNEENE
NNENENNEENE
NENENNEENE
ENENENNEENE
ENENNEENE
NEENENNEENE
EENENNEENE
EEENENNEENE
ENNEENE
NNNEENNEENE
NNEENNEENE
ENNEENNEENE
NEENNEENE
NENEENNEENE
ENEENNEENE
EENEENNEENE
EENNEENE
NNEEENNEENE
NEEENNEENE
ENEEENNEENE
EEENNEENE
NEEEENNEENE
EEEENNEENE
EEEEENNEENE
NEENE
NNNNNENEENE
NNNNENEENE
ENNNNENEENE
NNNENEENE
NENNNENEENE
ENNNENEENE
EENNNENEENE
NNENEENE
NNENNENEENE
NENNENEENE
ENENNENEENE
ENNENEENE
NEENNENEENE
EENNENEENE
EEENNENEENE
NENEENE
NNNENENEENE
NNENENEENE
ENNENENEENE
NENENEENE
NENENENEENE
ENENENEENE
EENENENEENE
ENENEENE
NNEENENEENE
NEENENEENE
ENEENENEENE
EENENEENE
NEEENENEENE
EEENENEENE
EEEENENEENE
ENEENE
NNNNEENEENE
NNNEENEENE
ENNNEENEENE
NNEENEENE
NENNEENEENE
ENNEENEENE
EENNEENEENE
NEENEENE
NNENEENEENE
NENEENEENE
ENENEENEENE
ENEENEENE
NEENEENEENE
EENEENEENE
EEENEENEENE
EENEENE
NNNEEENEENE
NNEEENEENE
ENNEEENEENE
NEEENEENE
NENEEENEENE
ENEEENEENE
EENEEENEENE
EEENEENE
NNEEEENEENE
NEEEENEENE
ENEEEENEENE
EEEENEENE
NEEEEENEENE
EEEEENEENE
EEEEEENEENE
EENE
NNNNNNEEENE
NNNNNEEENE
ENNNNNEEENE
NNNNEEENE
NENNNNEEENE
ENNNNEEENE
EENNNNEEENE
NNNEEENE
NNENNNEEENE
NENNNEEENE
ENENNNEEENE
ENNNEEENE
NEENNNEEENE
EENNNEEENE
EEENNNEEENE
NNEEENE
NNNENNEEENE
NNENNEEENE
ENNENNEEENE
NENNEEENE
NENENNEEENE
ENENNEEENE
EENENNEEENE
ENNEEENE
NNEENNEEENE
NEENNEEENE
ENEENNEEENE
EENNEEENE
NEEENNEEENE
EEENNEEENE
EEEENNEEENE
NEEENE
NNNNENEEENE
NNNENEEENE
ENNNENEEENE
NNENEEENE
NENNENEEENE
ENNENEEENE
EENNENEEENE
NENEEENE
NNENENEEENE
NENENEEENE
ENENENEEENE
ENENEEENE
NEENENEEENE
EENENEEENE
EEENENEEENE
ENEEENE
NNNEENEEENE
NNEENEEENE
ENNEENEEENE
NEENEEENE
NENEENEEENE
ENEENEEENE
EENEENEEENE
EENEEENE
NNEEENEEENE
NEEENEEENE
ENEEENEEENE
EEENEEENE
NEEEENEEENE
EEEENEEENE
EEEEENEEENE
EEENE
NNNNNEEEENE
NNNNEEEENE
ENNNNEEEENE
NNNEEEENE
NENNNEEEENE
ENNNEEEENE
EENNNEEEENE
NNEEEENE
NNENNEEEENE
NENNEEEENE
ENENNEEEENE
ENNEEEENE
NEENNEEEENE
EENNEEEENE
EEENNEEEENE
NEEEENE
NNNENEEEENE
NNENEEEENE
ENNENEEEENE
NENEEEENE
NENENEEEENE
ENENEEEENE
EENENEEEENE
ENEEEENE
NNEENEEEENE
NEENEEEENE
ENEENEEEENE
EENEEEENE
NEEENEEEENE
EEENEEEENE
EEEENEEEENE
EEEENE
NNNNEEEEENE
NNNEEEEENE
ENNNEEEEENE
NNEEEEENE
NENNEEEEENE
ENNEEEEENE
EENNEEEEENE
NEEEEENE
NNENEEEEENE
NENEEEEENE
ENENEEEEENE
ENEEEEENE
NEENEEEEENE
EENEEEEENE
EEENEEEEENE
EEEEENE
NNNEEEEEENE
NNEEEEEENE
ENNEEEEEENE
NEEEEEENE
NENEEEEEENE
ENEEEEEENE
EENEEEEEENE
EEEEEENE
NNEEEEEEENE
NEEEEEEENE
ENEEEEEEENE
EEEEEEENE
NEEEEEEEENE
EEEEEEEENE
EEEEEEEEENE
E
EEEEEEEEESE
EEEEEEEESE
SEEEEEEEESE
EEEEEEESE
ESEEEEEEESE
SEEEEEEESE
SSEEEEEEESE
EEEEEESE
EESEEEEEESE
ESEEEEEESE
SESEEEEEESE
SEEEEEESE
ESSEEEEEESE
SSEEEEEESE
SSSEEEEEESE
EEEEESE
EEESEEEEESE
EESEEEEESE
SEESEEEEESE
ESEEEEESE
ESESEEEEESE
SESEEEEESE
SSESEEEEESE
SEEEEESE
EESSEEEEESE
ESSEEEEESE
SESSEEEEESE
SSEEEEESE
ESSSEEEEESE
SSSEEEEESE
SSSSEEEEESE
EEEESE
EEEESEEEESE
EEESEEEESE
SEEESEEEESE
EESEEEESE
ESEESEEEESE
SEESEEEESE
SSEESEEEESE
ESEEEESE
EESESEEEESE
ESESEEEESE
SESESEEEESE
SESEEEESE
ESSESEEEESE
SSESEEEESE
SSSESEEEESE
SEEEESE
EEESSEEEESE
EESSEEEESE
SEESSEEEESE
ESSEEEESE
ESESSEEEESE
SESSEEEESE
SSESSEEEESE
SSEEEESE
EESSSEEEESE
ESSSEEEESE
SESSSEEEESE
SSSEEEESE
ESSSSEEEESE
SSSSEEEESE
SSSSSEEEESE
EEESE
EEEEESEEESE
EEEESEEESE
SEEEESEEESE
EEESEEESE
ESEEESEEESE
SEEESEEESE
SSEEESEEESE
EESEEESE
EESEESEEESE
ESEESEEESE
SESEESEEESE
SEESEEESE
ESSEESEEESE
SSEESEEESE
SSSEESEEESE
ESEEESE
EEESESEEESE
EESESEEESE
SEESESEEESE
ESESEEESE
ESESESEEESE
SESESEEESE
SSESESEEESE
SESEEESE
EESSESEEESE
ESSESEEESE
SESSESEEESE
SSESEEESE
ESSSESEEESE
SSSESEEESE
SSSSESEEESE
SEEESE
EEEESSEEESE
EEESSEEESE
SEEESSEEESE
EESSEEESE
ESEESSEEESE
SEESSEEESE
SSEESSEEESE
ESSEEESE
EESESSEEESE
ESESSEEESE
SESESSEEESE
SESSEEESE
ESSESSEEESE
SSESSEEESE
SSSESSEEESE
SSEEESE
EEESSSEEESE
EESSSEEESE
SEESSSEEESE
ESSSEEESE
ESESSSEEESE
SESSSEEESE
SSESSSEEESE
SSSEEESE
EESSSSEEESE
ESSSSEEESE
SESSSSEEESE
SSSSEEESE
ESSSSSEEESE
SSSSSEEESE
SSSSSSEEESE
EESE
EEEEEESEESE
EEEEESEESE
SEEEEESEESE
EEEESEESE
ESEEEESEESE
SEEEESEESE
SSEEEESEESE
EEESEESE
EESEEESEESE
ESEEESEESE
SESEEESEESE
SEEESEESE
ESSEEESEESE
SSEEESEESE
SSSEEESEESE
EESEESE
EEESEESEESE
EESEESEESE
SEESEESEESE
ESEESEESE
ESESEESEESE
SESEESEESE
SSESEESEESE
SEESEESE
EESSEESEESE
ESSEESEESE
SESSEESEESE
SSEESEESE
ESSSEESEESE
SSSEESEESE
SSSSEESEESE
ESEESE
EEEESESEESE
EEESESEESE
SEEESESEESE
EESESEESE
ESEESESEESE
SEESESEESE
SSEESESEESE
ESESEESE
EESESESEESE
ESESESEESE
SESESESEESE
SESESEESE
ESSESESEESE
SSESESEESE
SSSESESEESE
SESEESE
EEESSESEESE
EESSESEESE
SEESSESEESE
ESSESEESE
ESESSESEESE
SESSESEESE
SSESSESEESE
SSESEESE
EESSSESEESE
ESSSESEESE
SESSSESEESE
SSSESEESE
ESSSSESEESE
SSSSESEESE
SSSSSESEESE
SEESE
EEEEESSEESE
EEEESSEESE
SEEEESSEESE
EEESSEESE
ESEEESSEESE
SEEESSEESE
SSEEESSEESE
EESSEESE
EESEESSEESE
ESEESSEESE
SESEESSEESE
SEESSEESE
ESSEESSEESE
SSEESSEESE
SSSEESSEESE
ESSEESE
EEESESSEESE
EESESSEESE
SEESESSEESE
ESESSEESE
ESESESSEESE
SESESSEESE
SSESESSEESE
SESSEESE
EESSESSEESE
ESSESSEESE
SESSESSEESE
SSESSEESE
ESSSESSEESE
SSSESSEESE
SSSSESSEESE
SSEESE
EEEESSSEESE
EEESSSEESE
SEEESSSEESE
EESSSEESE
ESEESSSEESE
SEESSSEESE
SSEESSSEESE
ESSSEESE
EESESSSEESE
ESESSSEESE
SESESSSEESE
SESSSEESE
ESSESSSEESE
SSESSSEESE
SSSESSSEESE
SSSEESE
EEESSSSEESE
EESSSSEESE
SEESSSSEESE
ESSSSEESE
ESESSSSEESE
SESSSSEESE
SSESSSSEESE
SSSSEESE
EESSSSSEESE
ESSSSSEESE
SESSSSSEESE
SSSSSEESE
ESSSSSSEESE
SSSSSSEESE
SSSSSSSEESE
ESE
EEEEEEESESE
EEEEEESESE
SEEEEEESESE
EEEEESESE
ESEEEEESESE
SEEEEESESE
SSEEEEESESE
EEEESESE
EESEEEESESE
ESEEEESESE
SESEEEESESE
SEEEESESE
ESSEEEESESE
SSEEEESESE
SSSEEEESESE
EEESESE
EEESEEESESE
EESEEESESE
SEESEEESESE
ESEEESESE
ESESEEESESE
SESEEESESE
SSESEEESESE
SEEESESE
EESSEEESESE
ESSEEESESE
SESSEEESESE
SSEEESESE
ESSSEEESESE
SSSEEESESE
SSSSEEESESE
EESESE
EEEESEESESE
EEESEESESE
SEEESEESESE
EESEESESE
ESEESEESESE
SEESEESESE
SSEESEESESE
ESEESESE
EESESEESESE
ESESEESESE
SESESEESESE
SESEESESE
ESSESEESESE
SSESEESESE
SSSESEESESE
SEESESE
EEESSEESESE
EESSEESESE
SEESSEESESE
ESSEESESE
ESESSEESESE
SESSEESESE
SSESSEESESE
SSEESESE
EESSSEESESE
ESSSEESESE
SESSSEESESE
SSSEESESE
ESSSSEESESE
SSSSEESESE
SSSSSEESESE
ESESE
EEEEESESESE
EEEESESESE
SEEEESESESE
EEESESESE
ESEEESESESE
SEEESESESE
SSEEESESESE
EESESESE
EESEESESESE
ESEESESESE
SESEESESESE
SEESESESE
ESSEESESESE
SSEESESESE
SSSEESESESE
ESESESE
EEESESESESE
EESESESESE
SEESESESESE
ESESESESE
ESESESESESE
SESESESESE
SSESESESESE
SESESESE
EESSESESESE
ESSESESESE
SESSESESESE
SSESESESE
ESSSESESESE
SSSESESESE
SSSSESESESE
SESESE
EEEESSESESE
EEESSESESE
SEEESSESESE
EESSESESE
ESEESSESESE
SEESSESESE
SSEESSESESE
ESSESESE
EESESSESESE
ESESSESESE
SESESSESESE
SESSESESE
ESSESSESESE
SSESSESESE
SSSESSESESE
SSESESE
EEESSSESESE
EESSSESESE
SEESSSESESE
ESSSESESE
ESESSSESESE
SESSSESESE
SSESSSESESE
SSSESESE
EESSSSESESE
ESSSSESESE
SESSSSESESE
SSSSESESE
ESSSSSESESE
SSSSSESESE
SSSSSSESESE
SESE
EEEEEESSESE
EEEEESSESE
SEEEEESSESE
EEEESSESE
ESEEEESSESE
SEEEESSESE
SSEEEESSESE
EEESSESE
EESEEESSESE
ESEEESSESE
SESEEESSESE
SEEESSESE
ESSEEESSESE
SSEEESSESE
SSSEEESSESE
EESSESE
EEESEESSESE
EESEESSESE
SEESEESSESE
ESEESSESE
ESESEESSESE
SESEESSESE
SSESEESSESE
SEESSESE
EESSEESSESE
ESSEESSESE
SESSEESSESE
SSEESSESE
ESSSEESSESE
SSSEESSESE
SSSSEESSESE
ESSESE
EEEESESSESE
EEESESSESE
SEEESESSESE
EESESSESE
ESEESESSESE
SEESESSESE
SSEESESSESE
ESESSESE
EESESESSESE
ESESESSESE
SESESESSESE
SESESSESE
ESSESESSESE
SSESESSESE
SSSESESSESE
SESSESE
EEESSESSESE
EESSESSESE
SEESSESSESE
ESSESSESE
ESESSESSESE
SESSESSESE
SSESSESSESE
SSESSESE
EESSSESSESE
ESSSESSESE
SESSSESSESE
SSSESSESE
ESSSSESSESE
SSSSESSESE
SSSSSESSESE
SSESE
EEEEESSSESE
EEEESSSESE
SEEEESSSESE
EEESSSESE
ESEEESSSESE
SEEESSSESE
SSEEESSSESE
EESSSESE
EESEESSSESE
ESEESSSESE
SESEESSSESE
SEESSSESE
ESSEESSSESE
SSEESSSESE
SSSEESSSESE
ESSSESE
EEESESSSESE
EESESSSESE
SEESESSSESE
ESESSSESE
ESESESSSESE
SESESSSESE
SSESESSSESE
SESSSESE
EESSESSSESE
ESSESSSESE
SESSESSSESE
SSESSSESE
ESSSESSSESE
SSSESSSESE
SSSSESSSESE
SSSESE
EEEESSSSESE
EEESSSSESE
SEEESSSSESE
EESSSSESE
ESEESSSSESE
SEESSSSESE
SSEESSSSESE
ESSSSESE
EESESSSSESE
ESESSSSESE
SESESSSSESE
SESSSSESE
ESSESSSSESE
SSESSSSESE
SSSESSSSESE
SSSSESE
EEESSSSSESE
EESSSSSESE
SEESSSSSESE
ESSSSSESE
ESESSSSSESE
SESSSSSESE
SSESSSSSESE
SSSSSESE
EESSSSSSESE
ESSSSSSESE
SESSSSSSESE
SSSSSSESE
ESSSSSSSESE
SSSSSSSESE
SSSSSSSSESE
SE
EEEEEEEESSE
EEEEEEESSE
SEEEEEEESSE
EEEEEESSE
ESEEEEEESSE
SEEEEEESSE
SSEEEEEESSE
EEEEESSE
EESEEEEESSE
ESEEEEESSE
SESEEEEESSE
SEEEEESSE
ESSEEEEESSE
SSEEEEESSE
SSSEEEEESSE
EEEESSE
EEESEEEESSE
EESEEEESSE
SEESEEEESSE
ESEEEESSE
ESESEEEESSE
SESEEEESSE
SSESEEEESSE
SEEEESSE
EESSEEEESSE
ESSEEEESSE
SESSEEEESSE
SSEEEESSE
ESSSEEEESSE
SSSEEEESSE
SSSSEEEESSE
EEESSE
EEEESEEESSE
EEESEEESSE
SEEESEEESSE
EESEEESSE
ESEESEEESSE
SEESEEESSE
SSEESEEESSE
ESEEESSE
EESESEEESSE
ESESEEESSE
SESESEEESSE
SESEEESSE
ESSESEEESSE
SSESEEESSE
SSSESEEESSE
SEEESSE
EEESSEEESSE
EESSEEESSE
SEESSEEESSE
ESSEEESSE
ESESSEEESSE
SESSEEESSE
SSESSEEESSE
SSEEESSE
EESSSEEESSE
ESSSEEESSE
SESSSEEESSE
SSSEEESSE
ESSSSEEESSE
SSSSEEESSE
SSSSSEEESSE
EESSE
EEEEESEESSE
EEEESEESSE
SEEEESEESSE
EEESEESSE
ESEEESEESSE
SEEESEESSE
SSEEESEESSE
EESEESSE
EESEESEESSE
ESEESEESSE
SESEESEESSE
SEESEESSE
ESSEESEESSE
SSEESEESSE
SSSEESEESSE
ESEESSE
EEESESEESSE
EESESEESSE
SEESESEESSE
ESESEESSE
ESESESEESSE
SESESEESSE
SSESESEESSE
SESEESSE
EESSESEESSE
ESSESEESSE
SESSESEESSE
SSESEESSE
ESSSESEESSE
SSSESEESSE
SSSSESEESSE
SEESSE
EEEESSEESSE
EEESSEESSE
SEEESSEESSE
EESSEESSE
ESEESSEESSE
SEESSEESSE
SSEESSEESSE
ESSEESSE
EESESSEESSE
ESESSEESSE
SESESSEESSE
SESSEESSE
ESSESSEESSE
SSESSEESSE
SSSESSEESSE
SSEESSE
EEESSSEESSE
EESSSEESSE
SEESSSEESSE
ESSSEESSE
ESESSSEESSE
SESSSEESSE
SSESSSEESSE
SSSEESSE
EESSSSEESSE
ESSSSEESSE
SESSSSEESSE
SSSSEESSE
ESSSSSEESSE
SSSSSEESSE
SSSSSSEESSE
ESSE
EEEEEESESSE
EEEEESESSE
SEEEEESESSE
EEEESESSE
ESEEEESESSE
SEEEESESSE
SSEEEESESSE
EEESESSE
EESEEESESSE
ESEEESESSE
SESEEESESSE
SEEESESSE
ESSEEESESSE
SSEEESESSE
SSSEEESESSE
EESESSE
EEESEESESSE
EESEESESSE
SEESEESESSE
ESEESESSE
ESESEESESSE
SESEESESSE
SSESEESESSE
SEESESSE
EESSEESESSE
ESSEESESSE
SESSEESESSE
SSEESESSE
ESSSEESESSE
SSSEESESSE
SSSSEESESSE
ESESSE
EEEESESESSE
EEESESESSE
SEEESESESSE
EESESESSE
ESEESESESSE
SEESESESSE
SSEESESESSE
ESESESSE
EESESESESSE
ESESESESSE
SESESESESSE
SESESESSE
ESSESESESSE
SSESESESSE
SSSESESESSE
SESESSE
EEESSESESSE
EESSESESSE
SEESSESESSE
ESSESESSE
ESESSESESSE
SESSESESSE
SSESSESESSE
SSESESSE
EESSSESESSE
ESSSESESSE
SESSSESESSE
SSSESESSE
ESSSSESESSE
SSSSESESSE
SSSSSESESSE
SESSE
EEEEESSESSE
EEEESSESSE
SEEEESSESSE
EEESSESSE
ESEEESSESSE
SEEESSESSE
SSEEESSESSE
EESSESSE
EESEESSESSE
ESEESSESSE
SESEESSESSE
SEESSESSE
ESSEESSESSE
SSEESSESSE
SSSEESSESSE
ESSESSE
EEESESSESSE
EESESSESSE
SEESESSESSE
ESESSESSE
ESESESSESSE
SESESSESSE
SSESESSESSE
SESSESSE
EESSESSESSE
ESSESSESSE
SESSESSESSE
SSESSESSE
ESSSESSESSE
SSSESSESSE
SSSSESSESSE
SSESSE
EEEESSSESSE
EEESSSESSE
SEEESSSESSE
EESSSESSE
ESEESSSESSE
SEESSSESSE
SSEESSSESSE
ESSSESSE
EESESSSESSE
ESESSSESSE
SESESSSESSE
SESSSESSE
ESSESSSESSE
SSESSSESSE
SSSESSSESSE
SSSESSE
EEESSSSESSE
EESSSSESSE
SEESSSSESSE
ESSSSESSE
ESESSSSESSE
SESSSSESSE
SSESSSSESSE
SSSSESSE
EESSSSSESSE
ESSSSSESSE
SESSSSSESSE
SSSSSESSE
ESSSSSSESSE
SSSSSSESSE
SSSSSSSESSE
SSE
EEEEEEESSSE
EEEEEESSSE
SEEEEEESSSE
EEEEESSSE
ESEEEEESSSE
SEEEEESSSE
SSEEEEESSSE
EEEESSSE
EESEEEESSSE
ESEEEESSSE
SESEEEESSSE
SEEEESSSE
ESSEEEESSSE
SSEEEESSSE
SSSEEEESSSE
EEESSSE
EEESEEESSSE
EESEEESSSE
SEESEEESSSE
ESEEESSSE
ESESEEESSSE
SESEEESSSE
SSESEEESSSE
SEEESSSE
EESSEEESSSE
ESSEEESSSE
SESSEEESSSE
SSEEESSSE
ESSSEEESSSE
SSSEEESSSE
SSSSEEESSSE
EESSSE
EEEESEESSSE
EEESEESSSE
SEEESEESSSE
EESEESSSE
ESEESEESSSE
SEESEESSSE
SSEESEESSSE
ESEESSSE
EESESEESSSE
ESESEESSSE
SESESEESSSE
SESEESSSE
ESSESEESSSE
SSESEESSSE
SSSESEESSSE
SEESSSE
EEESSEESSSE
EESSEESSSE
SEESSEESSSE
ESSEESSSE
ESESSEESSSE
SESSEESSSE
SSESSEESSSE
SSEESSSE
EESSSEESSSE
ESSSEESSSE
SESSSEESSSE
SSSEESSSE
ESSSSEESSSE
SSSSEESSSE
SSSSSEESSSE
ESSSE
EEEEESESSSE
EEEESESSSE
SEEEESESSSE
EEESESSSE
ESEEESESSSE
SEEESESSSE
SSEEESESSSE
EESESSSE
EESEESESSSE
ESEESESSSE
SESEESESSSE
SEESESSSE
ESSEESESSSE
SSEESESSSE
SSSEESESSSE
ESESSSE
EEESESESSSE
EESESESSSE
SEESESESSSE
ESESESSSE
ESESESESSSE
SESESESSSE
SSESESESSSE
SESESSSE
EESSESESSSE
ESSESESSSE
SESSESESSSE
SSESESSSE
ESSSESESSSE
SSSESESSSE
SSSSESESSSE
SESSSE
EEEESSESSSE
EEESSESSSE
SEEESSESSSE
EESSESSSE
ESEESSESSSE
SEESSESSSE
SSEESSESSSE
ESSESSSE
EESESSESSSE
ESESSESSSE
SESESSESSSE
SESSESSSE
ESSESSESSSE
SSESSESSSE
SSSESSESSSE
SSESSSE
EEESSSESSSE
EESSSESSSE
SEESSSESSSE
ESSSESSSE
ESESSSESSSE
SESSSESSSE
SSESSSESSSE
SSSESSSE
EESSSSESSSE
ESSSSESSSE
SESSSSESSSE
SSSSESSSE
ESSSSSESSSE
SSSSSESSSE
SSSSSSESSSE
SSSE
EEEEEESSSSE
EEEEESSSSE
SEEEEESSSSE
EEEESSSSE
ESEEEESSSSE
SEEEESSSSE
SSEEEESSSSE
EEESSSSE
EESEEESSSSE
ESEEESSSSE
SESEEESSSSE
SEEESSSSE
ESSEEESSSSE
SSEEESSSSE
SSSEEESSSSE
EESSSSE
EEESEESSSSE
EESEESSSSE
SEESEESSSSE
ESEESSSSE
ESESEESSSSE
SESEESSSSE
SSESEESSSSE
SEESSSSE
EESSEESSSSE
ESSEESSSSE
SESSEESSSSE
SSEESSSSE
ESSSEESSSSE
SSSEESSSSE
SSSSEESSSSE
ESSSSE
EEEESESSSSE
EEESESSSSE
SEEESESSSSE
EESESSSSE
ESEESESSSSE
SEESESSSSE
SSEESESSSSE
ESESSSSE
EESESESSSSE
ESESESSSSE
SESESESSSSE
SESESSSSE
ESSESESSSSE
SSESESSSSE
SSSESESSSSE
SESSSSE
EEESSESSSSE
EESSESSSSE
SEESSESSSSE
ESSESSSSE
ESESSESSSSE
SESSESSSSE
SSESSESSSSE
SSESSSSE
EESSSESSSSE
ESSSESSSSE
SESSSESSSSE
SSSESSSSE
ESSSSESSSSE
SSSSESSSSE
SSSSSESSSSE
SSSSE
EEEEESSSSSE
EEEESSSSSE
SEEEESSSSSE
EEESSSSSE
ESEEESSSSSE
SEEESSSSSE
SSEEESSSSSE
EESSSSSE
EESEESSSSSE
ESEESSSSSE
SESEESSSSSE
SEESSSSSE
ESSEESSSSSE
SSEESSSSSE
SSSEESSSSSE
ESSSSSE
EEESESSSSSE
EESESSSSSE
SEESESSSSSE
ESESSSSSE
ESESESSSSSE
SESESSSSSE
SSESESSSSSE
SESSSSSE
EESSESSSSSE
ESSESSSSSE
SESSESSSSSE
SSESSSSSE
ESSSESSSSSE
SSSESSSSSE
SSSSESSSSSE
SSSSSE
EEEESSSSSSE
EEESSSSSSE
SEEESSSSSSE
EESSSSSSE
ESEESSSSSSE
SEESSSSSSE
SSEESSSSSSE
ESSSSSSE
EESESSSSSSE
ESESSSSSSE
SESESSSSSSE
SESSSSSSE
ESSESSSSSSE
SSESSSSSSE
SSSESSSSSSE
SSSSSSE
EEESSSSSSSE
EESSSSSSSE
SEESSSSSSSE
ESSSSSSSE
ESESSSSSSSE
SESSSSSSSE
SSESSSSSSSE
SSSSSSSE
EESSSSSSSSE
ESSSSSSSSE
SESSSSSSSSE
SSSSSSSSE
ESSSSSSSSSE
SSSSSSSSSE
SSSSSSSSSSE
S
SSSSSSSSSSW
SSSSSSSSSW
WSSSSSSSSSW
SSSSSSSSW
SWSSSSSSSSW
WSSSSSSSSW
WWSSSSSSSSW
SSSSSSSW
SSWSSSSSSSW
SWSSSSSSSW
WSWSSSSSSSW
WSSSSSSSW
SWWSSSSSSSW
WWSSSSSSSW
WWWSSSSSSSW
SSSSSSW
SSSWSSSSSSW
SSWSSSSSSW
WSSWSSSSSSW
SWSSSSSSW
SWSWSSSSSSW
WSWSSSSSSW
WWSWSSSSSSW
WSSSSSSW
SSWWSSSSSSW
SWWSSSSSSW
WSWWSSSSSSW
WWSSSSSSW
SWWWSSSSSSW
WWWSSSSSSW
WWWWSSSSSSW
SSSSSW
SSSSWSSSSSW
SSSWSSSSSW
WSSSWSSSSSW
SSWSSSSSW
SWSSWSSSSSW
WSSWSSSSSW
WWSSWSSSSSW
SWSSSSSW
SSWSWSSSSSW
SWSWSSSSSW
WSWSWSSSSSW
WSWSSSSSW
SWWSWSSSSSW
WWSWSSSSSW
WWWSWSSSSSW
WSSSSSW
SSSWWSSSSSW
SSWWSSSSSW
WSSWWSSSSSW
SWWSSSSSW
SWSWWSSSSSW
WSWWSSSSSW
WWSWWSSSSSW
WWSSSSSW
SSWWWSSSSSW
SWWWSSSSSW
WSWWWSSSSSW
WWWSSSSSW
SWWWWSSSSSW
WWWWSSSSSW
WWWWWSSSSSW
SSSSW
SSSSSWSSSSW
SSSSWSSSSW
WSSSSWSSSSW
SSSWSSSSW
SWSSSWSSSSW
WSSSWSSSSW
WWSSSWSSSSW
SSWSSSSW
SSWSSWSSSSW
SWSSWSSSSW
WSWSSWSSSSW
WSSWSSSSW
SWWSSWSSSSW
WWSSWSSSSW
WWWSSWSSSSW
SWSSSSW
SSSWSWSSSSW
SSWSWSSSSW
WSSWSWSSSSW
SWSWSSSSW
SWSWSWSSSSW
WSWSWSSSSW
WWSWSWSSSSW
WSWSSSSW
SSWWSWSSSSW
SWWSWSSSSW
WSWWSWSSSSW
WWSWSSSSW
SWWWSWSSSSW
WWWSWSSSSW
WWWWSWSSSSW
WSSSSW
SSSSWWSSSSW
SSSWWSSSSW
WSSSWWSSSSW
SSWWSSSSW
SWSSWWSSSSW
WSSWWSSSSW
WWSSWWSSSSW
SWWSSSSW
SSWSWWSSSSW
SWSWWSSSSW
WSWSWWSSSSW
WSWWSSSSW
SWWSWWSSSSW
WWSWWSSSSW
WWWSWWSSSSW
WWSSSSW
SSSWWWSSSSW
SSWWWSSSSW
WSSWWWSSSSW
SWWWSSSSW
SWSWWWSSSSW
WSWWWSSSSW
WWSWWWSSSSW
WWWSSSSW
SSWWWWSSSSW
SWWWWSSSSW
WSWWWWSSSSW
WWWWSSSSW
SWWWWWSSSSW
WWWWWSSSSW
WWWWWWSSSSW
SSSW
SSSSSSWSSSW
SSSSSWSSSW
WSSSSSWSSSW
SSSSWSSSW
SWSSSSWSSSW
WSSSSWSSSW
WWSSSSWSSSW
SSSWSSSW
SSWSSSWSSSW
SWSSSWSSSW
WSWSSSWSSSW
WSSSWSSSW
SWWSSSWSSSW
WWSSSWSSSW
WWWSSSWSSSW
SSWSSSW
SSSWSSWSSSW
SSWSSWSSSW
WSSWSSWSSSW
SWSSWSSSW
SWSWSSWSSSW
WSWSSWSSSW
WWSWSSWSSSW
WSSWSSSW
SSWWSSWSSSW
SWWSSWSSSW
WSWWSSWSSSW
WWSSWSSSW
SWWWSSWSSSW
WWWSSWSSSW
WWWWSSWSSSW
SWSSSW
SSSSWSWSSSW
SSSWSWSSSW
WSSSWSWSSSW
SSWSWSSSW
SWSSWSWSSSW
WSSWSWSSSW
WWSSWSWSSSW
SWSWSSSW
SSWSWSWSSSW
SWSWSWSSSW
WSWSWSWSSSW
WSWSWSSSW
SWWSWSWSSSW
WWSWSWSSSW
WWWSWSWSSSW
WSWSSSW
SSSWWSWSSSW
SSWWSWSSSW
WSSWWSWSSSW
SWWSWSSSW
SWSWWSWSSSW
WSWWSWSSSW
WWSWWSWSSSW
WWSWSSSW
SSWWWSWSSSW
SWWWSWSSSW
WSWWWSWSSSW
WWWSWSSSW
SWWWWSWSSSW
WWWWSWSSSW
WWWWWSWSSSW
WSSSW
SSSSSWWSSSW
SSSSWWSSSW
WSSSSWWSSSW
SSSWWSSSW
SWSSSWWSSSW
WSSSWWSSSW
WWSSSWWSSSW
SSWWSSSW
SSWSSWWSSSW
SWSSWWSSSW
WSWSSWWSSSW
WSSWWSSSW
SWWSSWWSSSW
WWSSWWSSSW
WWWSSWWSSSW
SWWSSSW
SSSWSWWSSSW
SSWSWWSSSW
WSSWSWWSSSW
SWSWWSSSW
SWSWSWWSSSW
WSWSWWSSSW
WWSWSWWSSSW
WSWWSSSW
SSWWSWWSSSW
SWWSWWSSSW
WSWWSWWSSSW
WWSWWSSSW
SWWWSWWSSSW
WWWSWWSSSW
WWWWSWWSSSW
WWSSSW
SSSSWWWSSSW
SSSWWWSSSW
WSSSWWWSSSW
SSWWWSSSW
SWSSWWWSSSW
WSSWWWSSSW
WWSSWWWSSSW
SWWWSSSW
SSWSWWWSSSW
SWSWWWSSSW
WSWSWWWSSSW
WSWWWSSSW
SWWSWWWSSSW
WWSWWWSSSW
WWWSWWWSSSW
WWWSSSW
SSSWWWWSSSW
SSWWWWSSSW
WSSWWWWSSSW
SWWWWSSSW
SWSWWWWSSSW
WSWWWWSSSW
WWSWWWWSSSW
WWWWSSSW
SSWWWWWSSSW
SWWWWWSSSW
WSWWWWWSSSW
WWWWWSSSW
SWWWWWWSSSW
WWWWWWSSSW
WWWWWWWSSSW
SSW
SSSSSSSWSSW
SSSSSSWSSW
WSSSSSSWSSW
SSSSSWSSW
SWSSSSSWSSW
WSSSSSWSSW
WWSSSSSWSSW
SSSSWSSW
SSWSSSSWSSW
SWSSSSWSSW
WSWSSSSWSSW
WSSSSWSSW
SWWSSSSWSSW
WWSSSSWSSW
WWWSSSSWSSW
SSSWSSW
SSSWSSSWSSW
SSWSSSWSSW
WSSWSSSWSSW
SWSSSWSSW
SWSWSSSWSSW
WSWSSSWSSW
WWSWSSSWSSW
WSSSWSSW
SSWWSSSWSSW
SWWSSSWSSW
WSWWSSSWSSW
WWSSSWSSW
SWWWSSSWSSW
WWWSSSWSSW
WWWWSSSWSSW
SSWSSW
SSSSWSSWSSW
SSSWSSWSSW
WSSSWSSWSSW
SSWSSWSSW
SWSSWSSWSSW
WSSWSSWSSW
WWSSWSSWSSW
SWSSWSSW
SSWSWSSWSSW
SWSWSSWSSW
WSWSWSSWSSW
WSWSSWSSW
SWWSWSSWSSW
WWSWSSWSSW
WWWSWSSWSSW
WSSWSSW
SSSWWSSWSSW
SSWWSSWSSW
WSSWWSSWSSW
SWWSSWSSW
SWSWWSSWSSW
WSWWSSWSSW
WWSWWSSWSSW
WWSSWSSW
SSWWWSSWSSW
SWWWSSWSSW
WSWWWSSWSSW
WWWSSWSSW
SWWWWSSWSSW
WWWWSSWSSW
WWWWWSSWSSW
SWSSW
SSSSSWSWSSW
SSSSWSWSSW
WSSSSWSWSSW
SSSWSWSSW
SWSSSWSWSSW
WSSSWSWSSW
WWSSSWSWSSW
SSWSWSSW
SSWSSWSWSSW
SWSSWSWSSW
WSWSSWSWSSW
WSSWSWSSW
SWWSSWSWSSW
WWSSWSWSSW
WWWSSWSWSSW
SWSWSSW
SSSWSWSWSSW
SSWSWSWSSW
WSSWSWSWSSW
SWSWSWSSW
SWSWSWSWSSW
WSWSWSWSSW
WWSWSWSWSSW
WSWSWSSW
SSWWSWSWSSW
SWWSWSWSSW
WSWWSWSWSSW
WWSWSWSSW
SWWWSWSWSSW
WWWSWSWSSW
WWWWSWSWSSW
WSWSSW
SSSSWWSWSSW
SSSWWSWSSW
WSSSWWSWSSW
SSWWSWSSW
SWSSWWSWSSW
WSSWWSWSSW
WWSSWWSWSSW
SWWSWSSW
SSWSWWSWSSW
SWSWWSWSSW
WSWSWWSWSSW
WSWWSWSSW
SWWSWWSWSSW
WWSWWSWSSW
WWWSWWSWSSW
WWSWSSW
SSSWWWSWSSW
SSWWWSWSSW
WSSWWWSWSSW
SWWWSWSSW
SWSWWWSWSSW
WSWWWSWSSW
WWSWWWSWSSW
WWWSWSSW
SSWWWWSWSSW
SWWWWSWSSW
WSWWWWSWSSW
WWWWSWSSW
SWWWWWSWSSW
WWWWWSWSSW
WWWWWWSWSSW
WSSW
SSSSSSWWSSW
SSSSSWWSSW
WSSSSSWWSSW
SSSSWWSSW
SWSSSSWWSSW
WSSSSWWSSW
WWSSSSWWSSW
SSSWWSSW
SSWSSSWWSSW
SWSSSWWSSW
WSWSSSWWSSW
WSSSWWSSW
SWWSSSWWSSW
WWSSSWWSSW
WWWSSSWWSSW
SSWWSSW
SSSWSSWWSSW
SSWSSWWSSW
WSSWSSWWSSW
SWSSWWSSW
SWSWSSWWSSW
WSWSSWWSSW
WWSWSSWWSSW
WSSWWSSW
SSWWSSWWSSW
SWWSSWWSSW
WSWWSSWWSSW
WWSSWWSSW
SWWWSSWWSSW
WWWSSWWSSW
WWWWSSWWSSW
SWWSSW
SSSSWSWWSSW
SSSWSWWSSW
WSSSWSWWSSW
SSWSWWSSW
SWSSWSWWSSW
WSSWSWWSSW
WWSSWSWWSSW
SWSWWSSW
SSWSWSWWSSW
SWSWSWWSSW
WSWSWSWWSSW
WSWSWWSSW
SWWSWSWWSSW
WWSWSWWSSW
WWWSWSWWSSW
WSWWSSW
SSSWWSWWSSW
SSWWSWWSSW
WSSWWSWWSSW
SWWSWWSSW
SWSWWSWWSSW
WSWWSWWSSW
WWSWWSWWSSW
WWSWWSSW
SSWWWSWWSSW
SWWWSWWSSW
WSWWWSWWSSW
WWWSWWSSW
SWWWWSWWSSW
WWWWSWWSSW
WWWWWSWWSSW
WWSSW
SSSSSWWWSSW
SSSSWWWSSW
WSSSSWWWSSW
SSSWWWSSW
SWSSSWWWSSW
WSSSWWWSSW
WWSSSWWWSSW
SSWWWSSW
SSWSSWWWSSW
SWSSWWWSSW
WSWSSWWWSSW
WSSWWWSSW
SWWSSWWWSSW
WWSSWWWSSW
WWWSSWWWSSW
SWWWSSW
SSSWSWWWSSW
SSWSWWWSSW
WSSWSWWWSSW
SWSWWWSSW
SWSWSWWWSSW
WSWSWWWSSW
WWSWSWWWSSW
WSWWWSSW
SSWWSWWWSSW
SWWSWWWSSW
WSWWSWWWSSW
WWSWWWSSW
SWWWSWWWSSW
WWWSWWWSSW
WWWWSWWWSSW
WWWSSW
SSSSWWWWSSW
SSSWWWWSSW
WSSSWWWWSSW
SSWWWWSSW
SWSSWWWWSSW
WSSWWWWSSW
WWSSWWWWSSW
SWWWWSSW
SSWSWWWWSSW
SWSWWWWSSW
WSWSWWWWSSW
WSWWWWSSW
SWWSWWWWSSW
WWSWWWWSSW
WWWSWWWWSSW
WWWWSSW
SSSWWWWWSSW
SSWWWWWSSW
WSSWWWWWSSW
SWWWWWSSW
SWSWWWWWSSW
WSWWWWWSSW
WWSWWWWWSSW
WWWWWSSW
SSWWWWWWSSW
SWWWWWWSSW
WSWWWWWWSSW
WWWWWWSSW
SWWWWWWWSSW
WWWWWWWSSW
WWWWWWWWSSW
SW
SSSSSSSSWSW
SSSSSSSWSW
WSSSSSSSWSW
SSSSSSWSW
SWSSSSSSWSW
WSSSSSSWSW
WWSSSSSSWSW
SSSSSWSW
SSWSSSSSWSW
SWSSSSSWSW
WSWSSSSSWSW
WSSSSSWSW
SWWSSSSSWSW
WWSSSSSWSW
WWWSSSSSWSW
SSSSWSW
SSSWSSSSWSW
SSWSSSSWSW
WSSWSSSSWSW
SWSSSSWSW
SWSWSSSSWSW
WSWSSSSWSW
WWSWSSSSWSW
WSSSSWSW
SSWWSSSSWSW
SWWSSSSWSW
WSWWSSSSWSW
WWSSSSWSW
SWWWSSSSWSW
WWWSSSSWSW
WWWWSSSSWSW
SSSWSW
SSSSWSSSWSW
SSSWSSSWSW
WSSSWSSSWSW
SSWSSSWSW
SWSSWSSSWSW
WSSWSSSWSW
WWSSWSSSWSW
SWSSSWSW
SSWSWSSSWSW
SWSWSSSWSW
WSWSWSSSWSW
WSWSSSWSW
SWWSWSSSWSW
WWSWSSSWSW
WWWSWSSSWSW
WSSSWSW
SSSWWSSSWSW
SSWWSSSWSW
WSSWWSSSWSW
SWWSSSWSW
SWSWWSSSWSW
WSWWSSSWSW
WWSWWSSSWSW
WWSSSWSW
SSWWWSSSWSW
SWWWSSSWSW
WSWWWSSSWSW
WWWSSSWSW
SWWWWSSSWSW
WWWWSSSWSW
WWWWWSSSWSW
SSWSW
SSSSSWSSWSW
SSSSWSSWSW
WSSSSWSSWSW
SSSWSSWSW
SWSSSWSSWSW
WSSSWSSWSW
WWSSSWSSWSW
SSWSSWSW
SSWSSWSSWSW
SWSSWSSWSW
WSWSSWSSWSW
WSSWSSWSW
SWWSSWSSWSW
WWSSWSSWSW
WWWSSWSSWSW
SWSSWSW
SSSWSWSSWSW
SSWSWSSWSW
WSSWSWSSWSW
SWSWSSWSW
SWSWSWSSWSW
WSWSWSSWSW
WWSWSWSSWSW
WSWSSWSW
SSWWSWSSWSW
SWWSWSSWSW
WSWWSWSSWSW
WWSWSSWSW
SWWWSWSSWSW
WWWSWSSWSW
WWWWSWSSWSW
WSSWSW
SSSSWWSSWSW
SSSWWSSWSW
WSSSWWSSWSW
SSWWSSWSW
SWSSWWSSWSW
WSSWWSSWSW
WWSSWWSSWSW
SWWSSWSW
SSWSWWSSWSW
SWSWWSSWSW
WSWSWWSSWSW
WSWWSSWSW
SWWSWWSSWSW
WWSWWSSWSW
WWWSWWSSWSW
WWSSWSW
SSSWWWSSWSW
SSWWWSSWSW
WSSWWWSSWSW
SWWWSSWSW
SWSWWWSSWSW
WSWWWSSWSW
WWSWWWSSWSW
WWWSSWSW
SSWWWWSSWSW
SWWWWSSWSW
WSWWWWSSWSW
WWWWSSWSW
SWWWWWSSWSW
WWWWWSSWSW
WWWWWWSSWSW
SWSW
SSSSSSWSWSW
SSSSSWSWSW
WSSSSSWSWSW
SSSSWSWSW
SWSSSSWSWSW
WSSSSWSWSW
WWSSSSWSWSW
SSSWSWSW
SSWSSSWSWSW
SWSSSWSWSW
WSWSSSWSWSW
WSSSWSWSW
SWWSSSWSWSW
WWSSSWSWSW
WWWSSSWSWSW
SSWSWSW
SSSWSSWSWSW
SSWSSWSWSW
WSSWSSWSWSW
SWSSWSWSW
SWSWSSWSWSW
WSWSSWSWSW
WWSWSSWSWSW
WSSWSWSW
SSWWSSWSWSW
SWWSSWSWSW
WSWWSSWSWSW
WWSSWSWSW
SWWWSSWSWSW
WWWSSWSWSW
WWWWSSWSWSW
SWSWSW
SSSSWSWSWSW
SSSWSWSWSW
WSSSWSWSWSW
SSWSWSWSW
SWSSWSWSWSW
WSSWSWSWSW
WWSSWSWSWSW
SWSWSWSW
SSWSWSWSWSW
SWSWSWSWSW
WSWSWSWSWSW
WSWSWSWSW
SWWSWSWSWSW
WWSWSWSWSW
WWWSWSWSWSW
WSWSWSW
SSSWWSWSWSW
SSWWSWSWSW
WSSWWSWSWSW
SWWSWSWSW
SWSWWSWSWSW
WSWWSWSWSW
WWSWWSWSWSW
WWSWSWSW
SSWWWSWSWSW
SWWWSWSWSW
WSWWWSWSWSW
WWWSWSWSW
SWWWWSWSWSW
WWWWSWSWSW
WWWWWSWSWSW
WSWSW
SSSSSWWSWSW
SSSSWWSWSW
WSSSSWWSWSW
SSSWWSWSW
SWSSSWWSWSW
WSSSWWSWSW
WWSSSWWSWSW
SSWWSWSW
SSWSSWWSWSW
SWSSWWSWSW
WSWSSWWSWSW
WSSWWSWSW
SWWSSWWSWSW
WWSSWWSWSW
WWWSSWWSWSW
SWWSWSW
SSSWSWWSWSW
SSWSWWSWSW
WSSWSWWSWSW
SWSWWSWSW
SWSWSWWSWSW
WSWSWWSWSW
WWSWSWWSWSW
WSWWSWSW
SSWWSWWSWSW
SWWSWWSWSW
WSWWSWWSWSW
WWSWWSWSW
SWWWSWWSWSW
WWWSWWSWSW
WWWWSWWSWSW
WWSWSW
SSSSWWWSWSW
SSSWWWSWSW
WSSSWWWSWSW
SSWWWSWSW
SWSSWWWSWSW
WSSWWWSWSW
WWSSWWWSWSW
SWWWSWSW
SSWSWWWSWSW
SWSWWWSWSW
WSWSWWWSWSW
WSWWWSWSW
SWWSWWWSWSW
WWSWWWSWSW
WWWSWWWSWSW
WWWSWSW
SSSWWWWSWSW
SSWWWWSWSW
WSSWWWWSWSW
SWWWWSWSW
SWSWWWWSWSW
WSWWWWSWSW
WWSWWWWSWSW
WWWWSWSW
SSWWWWWSWSW
SWWWWWSWSW
WSWWWWWSWSW
WWWWWSWSW
SWWWWWWSWSW
WWWWWWSWSW
WWWWWWWSWSW
WSW
SSSSSSSWWSW
SSSSSSWWSW
WSSSSSSWWSW
SSSSSWWSW
SWSSSSSWWSW
WSSSSSWWSW
WWSSSSSWWSW
SSSSWWSW
SSWSSSSWWSW
SWSSSSWWSW
WSWSSSSWWSW
WSSSSWWSW
SWWSSSSWWSW
WWSSSSWWSW
WWWSSSSWWSW
SSSWWSW
SSSWSSSWWSW
SSWSSSWWSW
WSSWSSSWWSW
SWSSSWWSW
SWSWSSSWWSW
WSWSSSWWSW
WWSWSSSWWSW
WSSSWWSW
SSWWSSSWWSW
SWWSSSWWSW
WSWWSSSWWSW
WWSSSWWSW
SWWWSSSWWSW
WWWSSSWWSW
WWWWSSSWWSW
SSWWSW
SSSSWSSWWSW
SSSWSSWWSW
WSSSWSSWWSW
SSWSSWWSW
SWSSWSSWWSW
WSSWSSWWSW
WWSSWSSWWSW
SWSSWWSW
SSWSWSSWWSW
SWSWSSWWSW
WSWSWSSWWSW
WSWSSWWSW
SWWSWSSWWSW
WWSWSSWWSW
WWWSWSSWWSW
WSSWWSW
SSSWWSSWWSW
SSWWSSWWSW
WSSWWSSWWSW
SWWSSWWSW
SWSWWSSWWSW
WSWWSSWWSW
WWSWWSSWWSW
WWSSWWSW
SSWWWSSWWSW
SWWWSSWWSW
WSWWWSSWWSW
WWWSSWWSW
SWWWWSSWWSW
WWWWSSWWSW
WWWWWSSWWSW
SWWSW
SSSSSWSWWSW
SSSSWSWWSW
WSSSSWSWWSW
SSSWSWWSW
SWSSSWSWWSW
WSSSWSWWSW
WWSSSWSWWSW
SSWSWWSW
SSWSSWSWWSW
SWSSWSWWSW
WSWSSWSWWSW
WSSWSWWSW
SWWSSWSWWSW
WWSSWSWWSW
WWWSSWSWWSW
SWSWWSW
SSSWSWSWWSW
SSWSWSWWSW
WSSWSWSWWSW
SWSWSWWSW
SWSWSWSWWSW
WSWSWSWWSW
WWSWSWSWWSW
WSWSWWSW
SSWWSWSWWSW
SWWSWSWWSW
WSWWSWSWWSW
WWSWSWWSW
SWWWSWSWWSW
WWWSWSWWSW
WWWWSWSWWSW
WSWWSW
SSSSWWSWWSW
SSSWWSWWSW
WSSSWWSWWSW
SSWWSWWSW
SWSSWWSWWSW
WSSWWSWWSW
WWSSWWSWWSW
SWWSWWSW
SSWSWWSWWSW
SWSWWSWWSW
WSWSWWSWWSW
WSWWSWWSW
SWWSWWSWWSW
WWSWWSWWSW
WWWSWWSWWSW
WWSWWSW
SSSWWWSWWSW
SSWWWSWWSW
WSSWWWSWWSW
SWWWSWWSW
SWSWWWSWWSW
WSWWWSWWSW
WWSWWWSWWSW
WWWSWWSW
SSWWWWSWWSW
SWWWWSWWSW
WSWWWWSWWSW
WWWWSWWSW
SWWWWWSWWSW
WWWWWSWWSW
WWWWWWSWWSW
WWSW
SSSSSSWWWSW
SSSSSWWWSW
WSSSSSWWWSW
SSSSWWWSW
SWSSSSWWWSW
WSSSSWWWSW
WWSSSSWWWSW
SSSWWWSW
SSWSSSWWWSW
SWSSSWWWSW
WSWSSSWWWSW
WSSSWWWSW
SWWSSSWWWSW
WWSSSWWWSW
WWWSSSWWWSW
SSWWWSW
SSSWSSWWWSW
SSWSSWWWSW
WSSWSSWWWSW
SWSSWWWSW
SWSWSSWWWSW
WSWSSWWWSW
WWSWSSWWWSW
WSSWWWSW
SSWWSSWWWSW
SWWSSWWWSW
WSWWSSWWWSW
WWSSWWWSW
SWWWSSWWWSW
WWWSSWWWSW
WWWWSSWWWSW
SWWWSW
SSSSWSWWWSW
SSSWSWWWSW
WSSSWSWWWSW
SSWSWWWSW
SWSSWSWWWSW
WSSWSWWWSW
WWSSWSWWWSW
SWSWWWSW
SSWSWSWWWSW
SWSWSWWWSW
WSWSWSWWWSW
WSWSWWWSW
SWWSWSWWWSW
WWSWSWWWSW
WWWSWSWWWSW
WSWWWSW
SSSWWSWWWSW
SSWWSWWWSW
WSSWWSWWWSW
SWWSWWWSW
SWSWWSWWWSW
WSWWSWWWSW
WWSWWSWWWSW
WWSWWWSW
SSWWWSWWWSW
SWWWSWWWSW
WSWWWSWWWSW
WWWSWWWSW
SWWWWSWWWSW
WWWWSWWWSW
WWWWWSWWWSW
WWWSW
SSSSSWWWWSW
SSSSWWWWSW
WSSSSWWWWSW
SSSWWWWSW
SWSSSWWWWSW
WSSSWWWWSW
WWSSSWWWWSW
SSWWWWSW
SSWSSWWWWSW
SWSSWWWWSW
WSWSSWWWWSW
WSSWWWWSW
SWWSSWWWWSW
WWSSWWWWSW
WWWSSWWWWSW
SWWWWSW
SSSWSWWWWSW
SSWSWWWWSW
WSSWSWWWWSW
SWSWWWWSW
SWSWSWWWWSW
WSWSWWWWSW
WWSWSWWWWSW
WSWWWWSW
SSWWSWWWWSW
SWWSWWWWSW
WSWWSWWWWSW
WWSWWWWSW
SWWWSWWWWSW
WWWSWWWWSW
WWWWSWWWWSW
WWWWSW
SSSSWWWWWSW
SSSWWWWWSW
WSSSWWWWWSW
SSWWWWWSW
SWSSWWWWWSW
WSSWWWWWSW
WWSSWWWWWSW
SWWWWWSW
SSWSWWWWWSW
SWSWWWWWSW
WSWSWWWWWSW
WSWWWWWSW
SWWSWWWWWSW
WWSWWWWWSW
WWWSWWWWWSW
WWWWWSW
SSSWWWWWWSW
SSWWWWWWSW
WSSWWWWWWSW
SWWWWWWSW
SWSWWWWWWSW
WSWWWWWWSW
WWSWWWWWWSW
WWWWWWSW
SSWWWWWWWSW
SWWWWWWWSW
WSWWWWWWWSW
WWWWWWWSW
SWWWWWWWWSW
WWWWWWWWSW
WWWWWWWWWSW
W
WWWWWWWWWNW
WWWWWWWWNW
NWWWWWWWWNW
WWWWWWWNW
WNWWWWWWWNW
NWWWWWWWNW
NNWWWWWWWNW
WWWWWWNW
WWNWWWWWWNW
WNWWWWWWNW
NWNWWWWWWNW
NWWWWWWNW
WNNWWWWWWNW
NNWWWWWWNW
NNNWWWWWWNW
WWWWWNW
WWWNWWWWWNW
WWNWWWWWNW
NWWNWWWWWNW
WNWWWWWNW
WNWNWWWWWNW
NWNWWWWWNW
NNWNWWWWWNW
NWWWWWNW
WWNNWWWWWNW
WNNWWWWWNW
NWNNWWWWWNW
NNWWWWWNW
WNNNWWWWWNW
NNNWWWWWNW
NNNNWWWWWNW
WWWWNW
WWWWNWWWWNW
WWWNWWWWNW
NWWWNWWWWNW
WWNWWWWNW
WNWWNWWWWNW
NWWNWWWWNW
NNWWNWWWWNW
WNWWWWNW
WWNWNWWWWNW
WNWNWWWWNW
NWNWNWWWWNW
NWNWWWWNW
WNNWNWWWWNW
NNWNWWWWNW
NNNWNWWWWNW
NWWWWNW
WWWNNWWWWNW
WWNNWWWWNW
NWWNNWWWWNW
WNNWWWWNW
WNWNNWWWWNW
NWNNWWWWNW
NNWNNWWWWNW
NNWWWWNW
WWNNNWWWWNW
WNNNWWWWNW
NWNNNWWWWNW
NNNWWWWNW
WNNNNWWWWNW
NNNNWWWWNW
NNNNNWWWWNW
WWWNW
WWWWWNWWWNW
WWWWNWWWNW
NWWWWNWWWNW
WWWNWWWNW
WNWWWNWWWNW
NWWWNWWWNW
NNWWWNWWWNW
WWNWWWNW
WWNWWNWWWNW
WNWWNWWWNW
NWNWWNWWWNW
NWWNWWWNW
WNNWWNWWWNW
NNWWNWWWNW
NNNWWNWWWNW
WNWWWNW
WWWNWNWWWNW
WWNWNWWWNW
NWWNWNWWWNW
WNWNWWWNW
WNWNWNWWWNW
NWNWNWWWNW
NNWNWNWWWNW
NWNWWWNW
WWNNWNWWWNW
WNNWNWWWNW
NWNNWNWWWNW
NNWNWWWNW
WNNNWNWWWNW
NNNWNWWWNW
NNNNWNWWWNW
NWWWNW
WWWWNNWWWNW
WWWNNWWWNW
NWWWNNWWWNW
WWNNWWWNW
WNWWNNWWWNW
NWWNNWWWNW
NNWWNNWWWNW
WNNWWWNW
WWNWNNWWWNW
WNWNNWWWNW
NWNWNNWWWNW
NWNNWWWNW
WNNWNNWWWNW
NNWNNWWWNW
NNNWNNWWWNW
NNWWWNW
WWWNNNWWWNW
WWNNNWWWNW
NWWNNNWWWNW
WNNNWWWNW
WNWNNNWWWNW
NWNNNWWWNW
NNWNNNWWWNW
NNNWWWNW
WWNNNNWWWNW
WNNNNWWWNW
NWNNNNWWWNW
NNNNWWWNW
WNNNNNWWWNW
NNNNNWWWNW
NNNNNNWWWNW
WWNW
WWWWWWNWWNW
WWWWWNWWNW
NWWWWWNWWNW
WWWWNWWNW
WNWWWWNWWNW
NWWWWNWWNW
NNWWWWNWWNW
WWWNWWNW
WWNWWWNWWNW
WNWWWNWWNW
NWNWWWNWWNW
NWWWNWWNW
WNNWWWNWWNW
NNWWWNWWNW
NNNWWWNWWNW
WWNWWNW
WWWNWWNWWNW
WWNWWNWWNW
NWWNWWNWWNW
WNWWNWWNW
WNWNWWNWWNW
NWNWWNWWNW
NNWNWWNWWNW
NWWNWWNW
WWNNWWNWWNW
WNNWWNWWNW
NWNNWWNWWNW
NNWWNWWNW
WNNNWWNWWNW
NNNWWNWWNW
NNNNWWNWWNW
WNWWNW
WWWWNWNWWNW
WWWNWNWWNW
NWWWNWNWWNW
WWNWNWWNW
WNWWNWNWWNW
NWWNWNWWNW
NNWWNWNWWNW
WNWNWWNW
WWNWNWNWWNW
WNWNWNWWNW
NWNWNWNWWNW
NWNWNWWNW
WNNWNWNWWNW
NNWNWNWWNW
NNNWNWNWWNW
NWNWWNW
WWWNNWNWWNW
WWNNWNWWNW
NWWNNWNWWNW
WNNWNWWNW
WNWNNWNWWNW
NWNNWNWWNW
NNWNNWNWWNW
NNWNWWNW
WWNNNWNWWNW
WNNNWNWWNW
NWNNNWNWWNW
NNNWNWWNW
WNNNNWNWWNW
NNNNWNWWNW
NNNNNWNWWNW
NWWNW
WWWWWNNWWNW
WWWWNNWWNW
NWWWWNNWWNW
WWWNNWWNW
WNWWWNNWWNW
NWWWNNWWNW
NNWWWNNWWNW
WWNNWWNW
WWNWWNNWWNW
WNWWNNWWNW
NWNWWNNWWNW
NWWNNWWNW
WNNWWNNWWNW
NNWWNNWWNW
NNNWWNNWWNW
WNNWWNW
WWWNWNNWWNW
WWNWNNWWNW
NWWNWNNWWNW
WNWNNWWNW
WNWNWNNWWNW
NWNWNNWWNW
NNWNWNNWWNW
NWNNWWNW
WWNNWNNWWNW
WNNWNNWWNW
NWNNWNNWWNW
NNWNNWWNW
WNNNWNNWWNW
NNNWNNWWNW
NNNNWNNWWNW
NNWWNW
WWWWNNNWWNW
WWWNNNWWNW
NWWWNNNWWNW
WWNNNWWNW
WNWWNNNWWNW
NWWNNNWWNW
NNWWNNNWWNW
WNNNWWNW
WWNWNNNWWNW
WNWNNNWWNW
NWNWNNNWWNW
NWNNNWWNW
WNNWNNNWWNW
NNWNNNWWNW
NNNWNNNWWNW
NNNWWNW
WWWNNNNWWNW
WWNNNNWWNW
NWWNNNNWWNW
WNNNNWWNW
WNWNNNNWWNW
NWNNNNWWNW
NNWNNNNWWNW
NNNNWWNW
WWNNNNNWWNW
WNNNNNWWNW
NWNNNNNWWNW
NNNNNWWNW
WNNNNNNWWNW
NNNNNNWWNW
NNNNNNNWWNW
WNW
WWWWWWWNWNW
WWWWWWNWNW
NWWWWWWNWNW
WWWWWNWNW
WNWWWWWNWNW
NWWWWWNWNW
NNWWWWWNWNW
WWWWNWNW
WWNWWWWNWNW
WNWWWWNWNW
NWNWWWWNWNW
NWWWWNWNW
WNNWWWWNWNW
NNWWWWNWNW
NNNWWWWNWNW
WWWNWNW
WWWNWWWNWNW
WWNWWWNWNW
NWWNWWWNWNW
WNWWWNWNW
WNWNWWWNWNW
NWNWWWNWNW
NNWNWWWNWNW
NWWWNWNW
WWNNWWWNWNW
WNNWWWNWNW
NWNNWWWNWNW
NNWWWNWNW
WNNNWWWNWNW
NNNWWWNWNW
NNNNWWWNWNW
WWNWNW
WWWWNWWNWNW
WWWNWWNWNW
NWWWNWWNWNW
WWNWWNWNW
WNWWNWWNWNW
NWWNWWNWNW
NNWWNWWNWNW
WNWWNWNW
WWNWNWWNWNW
WNWNWWNWNW
NWNWNWWNWNW
NWNWWNWNW
WNNWNWWNWNW
NNWNWWNWNW
NNNWNWWNWNW
NWWNWNW
WWWNNWWNWNW
WWNNWWNWNW
NWWNNWWNWNW
WNNWWNWNW
WNWNNWWNWNW
NWNNWWNWNW
NNWNNWWNWNW
NNWWNWNW
WWNNNWWNWNW
WNNNWWNWNW
NWNNNWWNWNW
NNNWWNWNW
WNNNNWWNWNW
NNNNWWNWNW
NNNNNWWNWNW
WNWNW
WWWWWNWNWNW
WWWWNWNWNW
NWWWWNWNWNW
WWWNWNWNW
WNWWWNWNWNW
NWWWNWNWNW
NNWWWNWNWNW
WWNWNWNW
WWNWWNWNWNW
WNWWNWNWNW
NWNWWNWNWNW
NWWNWNWNW
WNNWWNWNWNW
NNWWNWNWNW
NNNWWNWNWNW
WNWNWNW
WWWNWNWNWNW
WWNWNWNWNW
NWWNWNWNWNW
WNWNWNWNW
WNWNWNWNWNW
NWNWNWNWNW
NNWNWNWNWNW
NWNWNWNW
WWNNWNWNWNW
WNNWNWNWNW
NWNNWNWNWNW
NNWNWNWNW
WNNNWNWNWNW
NNNWNWNWNW
NNNNWNWNWNW
NWNWNW
WWWWNNWNWNW
WWWNNWNWNW
NWWWNNWNWNW
WWNNWNWNW
WNWWNNWNWNW
NWWNNWNWNW
NNWWNNWNWNW
WNNWNWNW
WWNWNNWNWNW
WNWNNWNWNW
NWNWNNWNWNW
NWNNWNWNW
WNNWNNWNWNW
NNWNNWNWNW
NNNWNNWNWNW
NNWNWNW
WWWNNNWNWNW
WWNNNWNWNW
NWWNNNWNWNW
WNNNWNWNW
WNWNNNWNWNW
NWNNNWNWNW
NNWNNNWNWNW
NNNWNWNW
WWNNNNWNWNW
WNNNNWNWNW
NWNNNNWNWNW
NNNNWNWNW
WNNNNNWNWNW
NNNNNWNWNW
NNNNNNWNWNW
NWNW
WWWWWWNNWNW
WWWWWNNWNW
NWWWWWNNWNW
WWWWNNWNW
WNWWWWNNWNW
NWWWWNNWNW
NNWWWWNNWNW
WWWNNWNW
WWNWWWNNWNW
WNWWWNNWNW
NWNWWWNNWNW
NWWWNNWNW
WNNWWWNNWNW
NNWWWNNWNW
NNNWWWNNWNW
WWNNWNW
WWWNWWNNWNW
WWNWWNNWNW
NWWNWWNNWNW
WNWWNNWNW
WNWNWWNNWNW
NWNWWNNWNW
NNWNWWNNWNW
NWWNNWNW
WWNNWWNNWNW
WNNWWNNWNW
NWNNWWNNWNW
NNWWNNWNW
WNNNWWNNWNW
NNNWWNNWNW
NNNNWWNNWNW
WNNWNW
WWWWNWNNWNW
WWWNWNNWNW
NWWWNWNNWNW
WWNWNNWNW
WNWWNWNNWNW
NWWNWNNWNW
NNWWNWNNWNW
WNWNNWNW
WWNWNWNNWNW
WNWNWNNWNW
NWNWNWNNWNW
NWNWNNWNW
WNNWNWNNWNW
NNWNWNNWNW
NNNWNWNNWNW
NWNNWNW
WWWNNWNNWNW
WWNNWNNWNW
NWWNNWNNWNW
WNNWNNWNW
WNWNNWNNWNW
NWNNWNNWNW
NNWNNWNNWNW
NNWNNWNW
WWNNNWNNWNW
WNNNWNNWNW
NWNNNWNNWNW
NNNWNNWNW
WNNNNWNNWNW
NNNNWNNWNW
NNNNNWNNWNW
NNWNW
WWWWWNNNWNW
WWWWNNNWNW
NWWWWNNNWNW
WWWNNNWNW
WNWWWNNNWNW
NWWWNNNWNW
NNWWWNNNWNW
WWNNNWNW
WWNWWNNNWNW
WNWWNNNWNW
NWNWWNNNWNW
NWWNNNWNW
WNNWWNNNWNW
NNWWNNNWNW
NNNWWNNNWNW
WNNNWNW
WWWNWNNNWNW
WWNWNNNWNW
NWWNWNNNWNW
WNWNNNWNW
WNWNWNNNWNW
NWNWNNNWNW
NNWNWNNNWNW
NWNNNWNW
WWNNWNNNWNW
WNNWNNNWNW
NWNNWNNNWNW
NNWNNNWNW
WNNNWNNNWNW
NNNWNNNWNW
NNNNWNNNWNW
NNNWNW
WWWWNNNNWNW
WWWNNNNWNW
NWWWNNNNWNW
WWNNNNWNW
WNWWNNNNWNW
NWWNNNNWNW
NNWWNNNNWNW
WNNNNWNW
WWNWNNNNWNW
WNWNNNNWNW
NWNWNNNNWNW
NWNNNNWNW
WNNWNNNNWNW
NNWNNNNWNW
NNNWNNNNWNW
NNNNWNW
WWWNNNNNWNW
WWNNNNNWNW
NWWNNNNNWNW
WNNNNNWNW
WNWNNNNNWNW
NWNNNNNWNW
NNWNNNNNWNW
NNNNNWNW
WWNNNNNNWNW
WNNNNNNWNW
NWNNNNNNWNW
NNNNNNWNW
WNNNNNNNWNW
NNNNNNNWNW
NNNNNNNNWNW
NW
WWWWWWWWNNW
WWWWWWWNNW
NWWWWWWWNNW
WWWWWWNNW
WNWWWWWWNNW
NWWWWWWNNW
NNWWWWWWNNW
WWWWWNNW
WWNWWWWWNNW
WNWWWWWNNW
NWNWWWWWNNW
NWWWWWNNW
WNNWWWWWNNW
NNWWWWWNNW
NNNWWWWWNNW
WWWWNNW
WWWNWWWWNNW
WWNWWWWNNW
NWWNWWWWNNW
WNWWWWNNW
WNWNWWWWNNW
NWNWWWWNNW
NNWNWWWWNNW
NWWWWNNW
WWNNWWWWNNW
WNNWWWWNNW
NWNNWWWWNNW
NNWWWWNNW
WNNNWWWWNNW
NNNWWWWNNW
NNNNWWWWNNW
WWWNNW
WWWWNWWWNNW
WWWNWWWNNW
NWWWNWWWNNW
WWNWWWNNW
WNWWNWWWNNW
NWWNWWWNNW
NNWWNWWWNNW
WNWWWNNW
WWNWNWWWNNW
WNWNWWWNNW
NWNWNWWWNNW
NWNWWWNNW
WNNWNWWWNNW
NNWNWWWNNW
NNNWNWWWNNW
NWWWNNW
WWWNNWWWNNW
WWNNWWWNNW
NWWNNWWWNNW
WNNWWWNNW
WNWNNWWWNNW
NWNNWWWNNW
NNWNNWWWNNW
NNWWWNNW
WWNNNWWWNNW
WNNNWWWNNW
NWNNNWWWNNW
NNNWWWNNW
WNNNNWWWNNW
NNNNWWWNNW
NNNNNWWWNNW
WWNNW
WWWWWNWWNNW
WWWWNWWNNW
NWWWWNWWNNW
WWWNWWNNW
WNWWWNWWNNW
NWWWNWWNNW
NNWWWNWWNNW
WWNWWNNW
WWNWWNWWNNW
WNWWNWWNNW
NWNWWNWWNNW
NWWNWWNNW
WNNWWNWWNNW
NNWWNWWNNW
NNNWWNWWNNW
WNWWNNW
WWWNWNWWNNW
WWNWNWWNNW
NWWNWNWWNNW
WNWNWWNNW
WNWNWNWWNNW
NWNWNWWNNW
NNWNWNWWNNW
NWNWWNNW
WWNNWNWWNNW
WNNWNWWNNW
NWNNWNWWNNW
NNWNWWNNW
WNNNWNWWNNW
NNNWNWWNNW
NNNNWNWWNNW
NWWNNW
WWWWNNWWNNW
WWWNNWWNNW
NWWWNNWWNNW
WWNNWWNNW
WNWWNNWWNNW
NWWNNWWNNW
NNWWNNWWNNW
WNNWWNNW
WWNWNNWWNNW
WNWNNWWNNW
NWNWNNWWNNW
NWNNWWNNW
WNNWNNWWNNW
NNWNNWWNNW
NNNWNNWWNNW
NNWWNNW
WWWNNNWWNNW
WWNNNWWNNW
NWWNNNWWNNW
WNNNWWNNW
WNWNNNWWNNW
NWNNNWWNNW
NNWNNNWWNNW
NNNWWNNW
WWNNNNWWNNW
WNNNNWWNNW
NWNNNNWWNNW
NNNNWWNNW
WNNNNNWWNNW
NNNNNWWNNW
NNNNNNWWNNW
WNNW
WWWWWWNWNNW
WWWWWNWNNW
NWWWWWNWNNW
WWWWNWNNW
WNWWWWNWNNW
NWWWWNWNNW
NNWWWWNWNNW
WWWNWNNW
WWNWWWNWNNW
WNWWWNWNNW
NWNWWWNWNNW
NWWWNWNNW
WNNWWWNWNNW
NNWWWNWNNW
NNNWWWNWNNW
WWNWNNW
WWWNWWNWNNW
WWNWWNWNNW
NWWNWWNWNNW
WNWWNWNNW
WNWNWWNWNNW
NWNWWNWNNW
NNWNWWNWNNW
NWWNWNNW
WWNNWWNWNNW
WNNWWNWNNW
NWNNWWNWNNW
NNWWNWNNW
WNNNWWNWNNW
NNNWWNWNNW
NNNNWWNWNNW
WNWNNW
WWWWNWNWNNW
WWWNWNWNNW
NWWWNWNWNNW
WWNWNWNNW
WNWWNWNWNNW
NWWNWNWNNW
NNWWNWNWNNW
WNWNWNNW
WWNWNWNWNNW
WNWNWNWNNW
NWNWNWNWNNW
NWNWNWNNW
WNNWNWNWNNW
NNWNWNWNNW
NNNWNWNWNNW
NWNWNNW
WWWNNWNWNNW
WWNNWNWNNW
NWWNNWNWNNW
WNNWNWNNW
WNWNNWNWNNW
NWNNWNWNNW
NNWNNWNWNNW
NNWNWNNW
WWNNNWNWNNW
WNNNWNWNNW
NWNNNWNWNNW
NNNWNWNNW
WNNNNWNWNNW
NNNNWNWNNW
NNNNNWNWNNW
NWNNW
WWWWWNNWNNW
WWWWNNWNNW
NWWWWNNWNNW
WWWNNWNNW
WNWWWNNWNNW
NWWWNNWNNW
NNWWWNNWNNW
WWNNWNNW
WWNWWNNWNNW
WNWWNNWNNW
NWNWWNNWNNW
NWWNNWNNW
WNNWWNNWNNW
NNWWNNWNNW
NNNWWNNWNNW
WNNWNNW
WWWNWNNWNNW
WWNWNNWNNW
NWWNWNNWNNW
WNWNNWNNW
WNWNWNNWNNW
NWNWNNWNNW
NNWNWNNWNNW
NWNNWNNW
WWNNWNNWNNW
WNNWNNWNNW
NWNNWNNWNNW
NNWNNWNNW
WNNNWNNWNNW
NNNWNNWNNW
NNNNWNNWNNW
NNWNNW
WWWWNNNWNNW
WWWNNNWNNW
NWWWNNNWNNW
WWNNNWNNW
WNWWNNNWNNW
NWWNNNWNNW
NNWWNNNWNNW
WNNNWNNW
WWNWNNNWNNW
WNWNNNWNNW
NWNWNNNWNNW
NWNNNWNNW
WNNWNNNWNNW
NNWNNNWNNW
NNNWNNNWNNW
NNNWNNW
WWWNNNNWNNW
WWNNNNWNNW
NWWNNNNWNNW
WNNNNWNNW
WNWNNNNWNNW
NWNNNNWNNW
NNWNNNNWNNW
NNNNWNNW
WWNNNNNWNNW
WNNNNNWNNW
NWNNNNNWNNW
NNNNNWNNW
WNNNNNNWNNW
NNNNNNWNNW
NNNNNNNWNNW
NNW
WWWWWWWNNNW
WWWWWWNNNW
NWWWWWWNNNW
WWWWWNNNW
WNWWWWWNNNW
NWWWWWNNNW
NNWWWWWNNNW
WWWWNNNW
WWNWWWWNNNW
WNWWWWNNNW
NWNWWWWNNNW
NWWWWNNNW
WNNWWWWNNNW
NNWWWWNNNW
NNNWWWWNNNW
WWWNNNW
WWWNWWWNNNW
WWNWWWNNNW
NWWNWWWNNNW
WNWWWNNNW
WNWNWWWNNNW
NWNWWWNNNW
NNWNWWWNNNW
NWWWNNNW
WWNNWWWNNNW
WNNWWWNNNW
NWNNWWWNNNW
NNWWWNNNW
WNNNWWWNNNW
NNNWWWNNNW
NNNNWWWNNNW
WWNNNW
WWWWNWWNNNW
WWWNWWNNNW
NWWWNWWNNNW
WWNWWNNNW
WNWWNWWNNNW
NWWNWWNNNW
NNWWNWWNNNW
WNWWNNNW
WWNWNWWNNNW
WNWNWWNNNW
NWNWNWWNNNW
NWNWWNNNW
WNNWNWWNNNW
NNWNWWNNNW
NNNWNWWNNNW
NWWNNNW
WWWNNWWNNNW
WWNNWWNNNW
NWWNNWWNNNW
WNNWWNNNW
WNWNNWWNNNW
NWNNWWNNNW
NNWNNWWNNNW
NNWWNNNW
WWNNNWWNNNW
WNNNWWNNNW
NWNNNWWNNNW
NNNWWNNNW
WNNNNWWNNNW
NNNNWWNNNW
NNNNNWWNNNW
WNNNW
WWWWWNWNNNW
WWWWNWNNNW
NWWWWNWNNNW
WWWNWNNNW
WNWWWNWNNNW
NWWWNWNNNW
NNWWWNWNNNW
WWNWNNNW
WWNWWNWNNNW
WNWWNWNNNW
NWNWWNWNNNW
NWWNWNNNW
WNNWWNWNNNW
NNWWNWNNNW
NNNWWNWNNNW
WNWNNNW
WWWNWNWNNNW
WWNWNWNNNW
NWWNWNWNNNW
WNWNWNNNW
WNWNWNWNNNW
NWNWNWNNNW
NNWNWNWNNNW
NWNWNNNW
WWNNWNWNNNW
WNNWNWNNNW
NWNNWNWNNNW
NNWNWNNNW
WNNNWNWNNNW
NNNWNWNNNW
NNNNWNWNNNW
NWNNNW
WWWWNNWNNNW
WWWNNWNNNW
NWWWNNWNNNW
WWNNWNNNW
WNWWNNWNNNW
NWWNNWNNNW
NNWWNNWNNNW
WNNWNNNW
WWNWNNWNNNW
WNWNNWNNNW
NWNWNNWNNNW
NWNNWNNNW
WNNWNNWNNNW
NNWNNWNNNW
NNNWNNWNNNW
NNWNNNW
WWWNNNWNNNW
WWNNNWNNNW
NWWNNNWNNNW
WNNNWNNNW
WNWNNNWNNNW
NWNNNWNNNW
NNWNNNWNNNW
NNNWNNNW
WWNNNNWNNNW
WNNNNWNNNW
NWNNNNWNNNW
NNNNWNNNW
WNNNNNWNNNW
NNNNNWNNNW
NNNNNNWNNNW
NNNW
WWWWWWNNNNW
WWWWWNNNNW
NWWWWWNNNNW
WWWWNNNNW
WNWWWWNNNNW
NWWWWNNNNW
NNWWWWNNNNW
WWWNNNNW
WWNWWWNNNNW
WNWWWNNNNW
NWNWWWNNNNW
NWWWNNNNW
WNNWWWNNNNW
NNWWWNNNNW
NNNWWWNNNNW
WWNNNNW
WWWNWWNNNNW
WWNWWNNNNW
NWWNWWNNNNW
WNWWNNNNW
WNWNWWNNNNW
NWNWWNNNNW
NNWNWWNNNNW
NWWNNNNW
WWNNWWNNNNW
WNNWWNNNNW
NWNNWWNNNNW
NNWWNNNNW
WNNNWWNNNNW
NNNWWNNNNW
NNNNWWNNNNW
WNNNNW
WWWWNWNNNNW
WWWNWNNNNW
NWWWNWNNNNW
WWNWNNNNW
WNWWNWNNNNW
NWWNWNNNNW
NNWWNWNNNNW
WNWNNNNW
WWNWNWNNNNW
WNWNWNNNNW
NWNWNWNNNNW
NWNWNNNNW
WNNWNWNNNNW
NNWNWNNNNW
NNNWNWNNNNW
NWNNNNW
WWWNNWNNNNW
WWNNWNNNNW
NWWNNWNNNNW
WNNWNNNNW
WNWNNWNNNNW
NWNNWNNNNW
NNWNNWNNNNW
NNWNNNNW
WWNNNWNNNNW
WNNNWNNNNW
NWNNNWNNNNW
NNNWNNNNW
WNNNNWNNNNW
NNNNWNNNNW
NNNNNWNNNNW
NNNNW
WWWWWNNNNNW
WWWWNNNNNW
NWWWWNNNNNW
WWWNNNNNW
WNWWWNNNNNW
NWWWNNNNNW
NNWWWNNNNNW
WWNNNNNW
WWNWWNNNNNW
WNWWNNNNNW
NWNWWNNNNNW
NWWNNNNNW
WNNWWNNNNNW
NNWWNNNNNW
NNNWWNNNNNW
WNNNNNW
WWWNWNNNNNW
WWNWNNNNNW
NWWNWNNNNNW
WNWNNNNNW
WNWNWNNNNNW
NWNWNNNNNW
NNWNWNNNNNW
NWNNNNNW
WWNNWNNNNNW
WNNWNNNNNW
NWNNWNNNNNW
NNWNNNNNW
WNNNWNNNNNW
NNNWNNNNNW
NNNNWNNNNNW
NNNNNW
WWWWNNNNNNW
WWWNNNNNNW
NWWWNNNNNNW
WWNNNNNNW
WNWWNNNNNNW
NWWNNNNNNW
NNWWNNNNNNW
WNNNNNNW
WWNWNNNNNNW
WNWNNNNNNW
NWNWNNNNNNW
NWNNNNNNW
WNNWNNNNNNW
NNWNNNNNNW
NNNWNNNNNNW
NNNNNNW
WWWNNNNNNNW
WWNNNNNNNW
NWWNNNNNNNW
WNNNNNNNW
WNWNNNNNNNW
NWNNNNNNNW
NNWNNNNNNNW
NNNNNNNW
WWNNNNNNNNW
WNNNNNNNNW
NWNNNNNNNNW
NNNNNNNNW
WNNNNNNNNNW
NNNNNNNNNW
NNNNNNNNNNW
